2025-09-25 17:40:51 - INFO - ℹ️  Iniciando proceso de descarga de artículos...
2025-09-25 17:40:51 - INFO - ℹ️  === INICIANDO DESCARGA ===
2025-09-25 17:40:51 - INFO - ℹ️  Iniciando descarga de artículos desde ACM...
2025-09-25 17:40:51 - INFO - ℹ️  Configurando navegador Firefox...
2025-09-25 17:41:01 - INFO - [EXITO] ✅  ✓ Navegador Firefox configurado
2025-09-25 17:41:10 - INFO - [EXITO] ✅  Todos los artículos seleccionados.
2025-09-25 17:41:10 - INFO - ℹ️  Menú de exportación abierto.
2025-09-25 17:41:11 - INFO - ℹ️  Pestaña 'All Results' activada.
2025-09-25 17:41:12 - INFO - ℹ️  Botón 'Download' presionado.
2025-09-25 17:41:14 - INFO - ℹ️  'exportDownloadNotReady' detectado. Todo va bien.
2025-09-25 17:41:14 - INFO - ℹ️  Esperando a que ACM genere el archivo BibTeX...
2025-09-25 17:42:09 - INFO - [EXITO] ✅  Botón 'Download now!' presionado. Iniciando descarga...
2025-09-25 17:42:09 - INFO - ℹ️  Buscando archivo .bib...
2025-09-25 17:42:11 - INFO - [EXITO] ✅  ✓ Archivo válido: C:\Users\Samuel\VSC_Proyects\uq-biblio-pipeline\src\datos\bib\crudos\acm.bib
2025-09-25 17:42:11 - INFO - [EXITO] ✅  Archivo BibTeX guardado en: C:\Users\Samuel\VSC_Proyects\uq-biblio-pipeline\src\datos\bib\crudos\acm.bib
2025-09-25 17:42:11 - INFO - ℹ️  Proceso finalizado.
2025-09-25 17:42:11 - INFO - [EXITO] ✅  ✓ Descarga ACM completada
2025-09-25 17:42:11 - INFO - ℹ️  Iniciando descarga de artículos desde Science Direct...
2025-09-25 17:42:11 - INFO - ℹ️  Configurando navegador Firefox...
2025-09-25 17:42:19 - INFO - [EXITO] ✅  ✓ Navegador Firefox configurado
2025-09-25 17:42:26 - INFO - ℹ️  Buscando botón de inicio con Google...
2025-09-25 17:42:26 - INFO - ℹ️  Botón 'Iniciar sesión con Google' presionado.
2025-09-25 17:42:26 - INFO - ℹ️  Ingresando correo institucional...
2025-09-25 17:42:28 - INFO - ℹ️  Correo enviado. Avanzando a ingreso de contraseña...
2025-09-25 17:42:28 - INFO - ℹ️  Esperando campo de contraseña...
2025-09-25 17:42:35 - INFO - ℹ️  Esperando redirección y carga de resultados...
2025-09-25 17:42:40 - INFO - ℹ️  Procesando bloque 1 a 100...
2025-09-25 17:42:40 - INFO - [EXITO] ✅  Seleccionando todos los artículos de la página...
2025-09-25 17:42:43 - INFO - ℹ️  Abriendo menú de exportación...
2025-09-25 17:42:45 - INFO - ℹ️  Seleccionando formato BibTeX para exportación...
2025-09-25 17:42:47 - INFO - ℹ️  Esperando descarga del archivo...
2025-09-25 17:42:47 - INFO - ℹ️  Buscando archivo .bib...
2025-09-25 17:42:47 - INFO - [EXITO] ✅  ✓ Archivo válido: C:\Users\Samuel\VSC_Proyects\uq-biblio-pipeline\src\datos\bib\crudos\acm.bib
2025-09-25 17:42:47 - INFO - [EXITO] ✅  Archivo BibTeX descargado: C:\Users\Samuel\VSC_Proyects\uq-biblio-pipeline\src\datos\bib\crudos\acm.bib
2025-09-25 17:42:47 - INFO - [EXITO] ✅  Avanzando a la siguiente página...
2025-09-25 17:42:52 - INFO - ℹ️  Procesando bloque 101 a 200...
2025-09-25 17:42:52 - INFO - ℹ️  Debugueando el selector de artículo
2025-09-25 17:42:56 - INFO - [EXITO] ✅  Seleccionando todos los artículos de la página...
2025-09-25 17:42:59 - INFO - ℹ️  Abriendo menú de exportación...
2025-09-25 17:43:02 - INFO - ℹ️  Seleccionando formato BibTeX para exportación...
2025-09-25 17:43:04 - INFO - ℹ️  Esperando descarga del archivo...
2025-09-25 17:43:04 - INFO - ℹ️  Buscando archivo .bib...
2025-09-25 17:43:04 - INFO - [EXITO] ✅  ✓ Archivo válido: C:\Users\Samuel\VSC_Proyects\uq-biblio-pipeline\src\datos\bib\crudos\ScienceDirect_citations_1758840170006.bib
2025-09-25 17:43:04 - INFO - [EXITO] ✅  Archivo BibTeX descargado: C:\Users\Samuel\VSC_Proyects\uq-biblio-pipeline\src\datos\bib\crudos\ScienceDirect_citations_1758840170006.bib
2025-09-25 17:43:04 - INFO - [EXITO] ✅  Avanzando a la siguiente página...
2025-09-25 17:43:09 - INFO - ℹ️  Procesando bloque 201 a 300...
2025-09-25 17:43:09 - INFO - ℹ️  Debugueando el selector de artículo
2025-09-25 17:43:13 - INFO - [EXITO] ✅  Seleccionando todos los artículos de la página...
2025-09-25 17:43:16 - INFO - ℹ️  Abriendo menú de exportación...
2025-09-25 17:43:18 - INFO - ℹ️  Seleccionando formato BibTeX para exportación...
2025-09-25 17:43:20 - INFO - ℹ️  Esperando descarga del archivo...
2025-09-25 17:43:20 - INFO - ℹ️  Buscando archivo .bib...
2025-09-25 17:43:20 - INFO - [EXITO] ✅  ✓ Archivo válido: C:\Users\Samuel\VSC_Proyects\uq-biblio-pipeline\src\datos\bib\crudos\ScienceDirect_citations_1758840186634.bib
2025-09-25 17:43:20 - INFO - [EXITO] ✅  Archivo BibTeX descargado: C:\Users\Samuel\VSC_Proyects\uq-biblio-pipeline\src\datos\bib\crudos\ScienceDirect_citations_1758840186634.bib
2025-09-25 17:43:20 - INFO - [EXITO] ✅  Avanzando a la siguiente página...
2025-09-25 17:43:25 - INFO - ℹ️  Procesando bloque 301 a 400...
2025-09-25 17:43:25 - INFO - ℹ️  Debugueando el selector de artículo
2025-09-25 17:43:29 - INFO - [EXITO] ✅  Seleccionando todos los artículos de la página...
2025-09-25 17:43:32 - INFO - ℹ️  Abriendo menú de exportación...
2025-09-25 17:43:34 - INFO - ℹ️  Seleccionando formato BibTeX para exportación...
2025-09-25 17:43:37 - INFO - ℹ️  Esperando descarga del archivo...
2025-09-25 17:43:37 - INFO - ℹ️  Buscando archivo .bib...
2025-09-25 17:43:37 - INFO - [EXITO] ✅  ✓ Archivo válido: C:\Users\Samuel\VSC_Proyects\uq-biblio-pipeline\src\datos\bib\crudos\ScienceDirect_citations_1758840203166.bib
2025-09-25 17:43:37 - INFO - [EXITO] ✅  Archivo BibTeX descargado: C:\Users\Samuel\VSC_Proyects\uq-biblio-pipeline\src\datos\bib\crudos\ScienceDirect_citations_1758840203166.bib
2025-09-25 17:43:37 - INFO - [EXITO] ✅  Avanzando a la siguiente página...
2025-09-25 17:43:42 - INFO - ℹ️  Procesando bloque 401 a 500...
2025-09-25 17:43:42 - INFO - ℹ️  Debugueando el selector de artículo
2025-09-25 17:43:46 - INFO - [EXITO] ✅  Seleccionando todos los artículos de la página...
2025-09-25 17:43:49 - INFO - ℹ️  Abriendo menú de exportación...
2025-09-25 17:43:51 - INFO - ℹ️  Seleccionando formato BibTeX para exportación...
2025-09-25 17:43:53 - INFO - ℹ️  Esperando descarga del archivo...
2025-09-25 17:43:53 - INFO - ℹ️  Buscando archivo .bib...
2025-09-25 17:43:53 - INFO - [EXITO] ✅  ✓ Archivo válido: C:\Users\Samuel\VSC_Proyects\uq-biblio-pipeline\src\datos\bib\crudos\ScienceDirect_citations_1758840219600.bib
2025-09-25 17:43:53 - INFO - [EXITO] ✅  Archivo BibTeX descargado: C:\Users\Samuel\VSC_Proyects\uq-biblio-pipeline\src\datos\bib\crudos\ScienceDirect_citations_1758840219600.bib
2025-09-25 17:43:53 - INFO - [EXITO] ✅  Avanzando a la siguiente página...
2025-09-25 17:43:58 - INFO - ℹ️  Procesando bloque 501 a 600...
2025-09-25 17:43:58 - INFO - ℹ️  Debugueando el selector de artículo
2025-09-25 17:44:02 - INFO - [EXITO] ✅  Seleccionando todos los artículos de la página...
2025-09-25 17:44:05 - INFO - ℹ️  Abriendo menú de exportación...
2025-09-25 17:44:07 - INFO - ℹ️  Seleccionando formato BibTeX para exportación...
2025-09-25 17:44:09 - INFO - ℹ️  Esperando descarga del archivo...
2025-09-25 17:44:09 - INFO - ℹ️  Buscando archivo .bib...
2025-09-25 17:44:09 - INFO - [EXITO] ✅  ✓ Archivo válido: C:\Users\Samuel\VSC_Proyects\uq-biblio-pipeline\src\datos\bib\crudos\ScienceDirect_citations_1758840236147.bib
2025-09-25 17:44:09 - INFO - [EXITO] ✅  Archivo BibTeX descargado: C:\Users\Samuel\VSC_Proyects\uq-biblio-pipeline\src\datos\bib\crudos\ScienceDirect_citations_1758840236147.bib
2025-09-25 17:44:09 - INFO - [EXITO] ✅  Avanzando a la siguiente página...
2025-09-25 17:44:14 - INFO - ℹ️  Procesando bloque 601 a 700...
2025-09-25 17:44:14 - INFO - ℹ️  Debugueando el selector de artículo
2025-09-25 17:44:19 - INFO - [EXITO] ✅  Seleccionando todos los artículos de la página...
2025-09-25 17:44:22 - INFO - ℹ️  Abriendo menú de exportación...
2025-09-25 17:44:24 - INFO - ℹ️  Seleccionando formato BibTeX para exportación...
2025-09-25 17:44:26 - INFO - ℹ️  Esperando descarga del archivo...
2025-09-25 17:44:26 - INFO - ℹ️  Buscando archivo .bib...
2025-09-25 17:44:26 - INFO - [EXITO] ✅  ✓ Archivo válido: C:\Users\Samuel\VSC_Proyects\uq-biblio-pipeline\src\datos\bib\crudos\ScienceDirect_citations_1758840252701.bib
2025-09-25 17:44:26 - INFO - [EXITO] ✅  Archivo BibTeX descargado: C:\Users\Samuel\VSC_Proyects\uq-biblio-pipeline\src\datos\bib\crudos\ScienceDirect_citations_1758840252701.bib
2025-09-25 17:44:26 - INFO - [EXITO] ✅  Avanzando a la siguiente página...
2025-09-25 17:44:31 - INFO - ℹ️  Procesando bloque 701 a 800...
2025-09-25 17:44:31 - INFO - ℹ️  Debugueando el selector de artículo
2025-09-25 17:44:35 - INFO - [EXITO] ✅  Seleccionando todos los artículos de la página...
2025-09-25 17:44:38 - INFO - ℹ️  Abriendo menú de exportación...
2025-09-25 17:44:40 - INFO - ℹ️  Seleccionando formato BibTeX para exportación...
2025-09-25 17:44:42 - INFO - ℹ️  Esperando descarga del archivo...
2025-09-25 17:44:42 - INFO - ℹ️  Buscando archivo .bib...
2025-09-25 17:44:42 - INFO - [EXITO] ✅  ✓ Archivo válido: C:\Users\Samuel\VSC_Proyects\uq-biblio-pipeline\src\datos\bib\crudos\ScienceDirect_citations_1758840269047.bib
2025-09-25 17:44:42 - INFO - [EXITO] ✅  Archivo BibTeX descargado: C:\Users\Samuel\VSC_Proyects\uq-biblio-pipeline\src\datos\bib\crudos\ScienceDirect_citations_1758840269047.bib
2025-09-25 17:44:42 - INFO - [EXITO] ✅  Avanzando a la siguiente página...
2025-09-25 17:44:47 - INFO - ℹ️  Procesando bloque 801 a 900...
2025-09-25 17:44:47 - INFO - ℹ️  Debugueando el selector de artículo
2025-09-25 17:44:51 - INFO - [EXITO] ✅  Seleccionando todos los artículos de la página...
2025-09-25 17:44:55 - INFO - ℹ️  Abriendo menú de exportación...
2025-09-25 17:44:57 - INFO - ℹ️  Seleccionando formato BibTeX para exportación...
2025-09-25 17:44:59 - INFO - ℹ️  Esperando descarga del archivo...
2025-09-25 17:44:59 - INFO - ℹ️  Buscando archivo .bib...
2025-09-25 17:44:59 - INFO - [EXITO] ✅  ✓ Archivo válido: C:\Users\Samuel\VSC_Proyects\uq-biblio-pipeline\src\datos\bib\crudos\ScienceDirect_citations_1758840285594.bib
2025-09-25 17:44:59 - INFO - [EXITO] ✅  Archivo BibTeX descargado: C:\Users\Samuel\VSC_Proyects\uq-biblio-pipeline\src\datos\bib\crudos\ScienceDirect_citations_1758840285594.bib
2025-09-25 17:44:59 - INFO - [EXITO] ✅  Avanzando a la siguiente página...
2025-09-25 17:45:04 - INFO - ℹ️  Procesando bloque 901 a 1000...
2025-09-25 17:45:04 - INFO - ℹ️  Debugueando el selector de artículo
2025-09-25 17:45:08 - INFO - [EXITO] ✅  Seleccionando todos los artículos de la página...
2025-09-25 17:45:11 - INFO - ℹ️  Abriendo menú de exportación...
2025-09-25 17:45:13 - INFO - ℹ️  Seleccionando formato BibTeX para exportación...
2025-09-25 17:45:15 - INFO - ℹ️  Esperando descarga del archivo...
2025-09-25 17:45:15 - INFO - ℹ️  Buscando archivo .bib...
2025-09-25 17:45:15 - INFO - [EXITO] ✅  ✓ Archivo válido: C:\Users\Samuel\VSC_Proyects\uq-biblio-pipeline\src\datos\bib\crudos\ScienceDirect_citations_1758840302110.bib
2025-09-25 17:45:15 - INFO - [EXITO] ✅  Archivo BibTeX descargado: C:\Users\Samuel\VSC_Proyects\uq-biblio-pipeline\src\datos\bib\crudos\ScienceDirect_citations_1758840302110.bib
2025-09-25 17:45:15 - INFO - [EXITO] ✅  Avanzando a la siguiente página...
2025-09-25 17:45:20 - INFO - ℹ️  Procesando bloque 1001 a 1100...
2025-09-25 17:45:20 - INFO - ℹ️  Debugueando el selector de artículo
2025-09-25 17:45:24 - INFO - [EXITO] ✅  Seleccionando todos los artículos de la página...
2025-09-25 17:45:28 - INFO - ℹ️  Abriendo menú de exportación...
2025-09-25 17:45:30 - INFO - ℹ️  Seleccionando formato BibTeX para exportación...
2025-09-25 17:45:32 - INFO - ℹ️  Esperando descarga del archivo...
2025-09-25 17:45:32 - INFO - ℹ️  Buscando archivo .bib...
2025-09-25 17:45:32 - INFO - [EXITO] ✅  ✓ Archivo válido: C:\Users\Samuel\VSC_Proyects\uq-biblio-pipeline\src\datos\bib\crudos\ScienceDirect_citations_1758840318590.bib
2025-09-25 17:45:32 - INFO - [EXITO] ✅  Archivo BibTeX descargado: C:\Users\Samuel\VSC_Proyects\uq-biblio-pipeline\src\datos\bib\crudos\ScienceDirect_citations_1758840318590.bib
2025-09-25 17:45:32 - INFO - [EXITO] ✅  Avanzando a la siguiente página...
2025-09-25 17:45:37 - INFO - ℹ️  Procesando bloque 1101 a 1200...
2025-09-25 17:45:37 - INFO - ℹ️  Debugueando el selector de artículo
2025-09-25 17:45:41 - INFO - [EXITO] ✅  Seleccionando todos los artículos de la página...
2025-09-25 17:45:44 - INFO - ℹ️  Abriendo menú de exportación...
2025-09-25 17:45:46 - INFO - ℹ️  Seleccionando formato BibTeX para exportación...
2025-09-25 17:45:48 - INFO - ℹ️  Esperando descarga del archivo...
2025-09-25 17:45:48 - INFO - ℹ️  Buscando archivo .bib...
2025-09-25 17:45:48 - INFO - [EXITO] ✅  ✓ Archivo válido: C:\Users\Samuel\VSC_Proyects\uq-biblio-pipeline\src\datos\bib\crudos\ScienceDirect_citations_1758840335166.bib
2025-09-25 17:45:48 - INFO - [EXITO] ✅  Archivo BibTeX descargado: C:\Users\Samuel\VSC_Proyects\uq-biblio-pipeline\src\datos\bib\crudos\ScienceDirect_citations_1758840335166.bib
2025-09-25 17:45:48 - INFO - [EXITO] ✅  Avanzando a la siguiente página...
2025-09-25 17:45:53 - INFO - ℹ️  Procesando bloque 1201 a 1300...
2025-09-25 17:45:53 - INFO - ℹ️  Debugueando el selector de artículo
2025-09-25 17:45:57 - INFO - [EXITO] ✅  Seleccionando todos los artículos de la página...
2025-09-25 17:46:01 - INFO - ℹ️  Abriendo menú de exportación...
2025-09-25 17:46:03 - INFO - ℹ️  Seleccionando formato BibTeX para exportación...
2025-09-25 17:46:05 - INFO - ℹ️  Esperando descarga del archivo...
2025-09-25 17:46:05 - INFO - ℹ️  Buscando archivo .bib...
2025-09-25 17:46:05 - INFO - [EXITO] ✅  ✓ Archivo válido: C:\Users\Samuel\VSC_Proyects\uq-biblio-pipeline\src\datos\bib\crudos\ScienceDirect_citations_1758840351861.bib
2025-09-25 17:46:05 - INFO - [EXITO] ✅  Archivo BibTeX descargado: C:\Users\Samuel\VSC_Proyects\uq-biblio-pipeline\src\datos\bib\crudos\ScienceDirect_citations_1758840351861.bib
2025-09-25 17:46:05 - INFO - [EXITO] ✅  Avanzando a la siguiente página...
2025-09-25 17:46:10 - INFO - ℹ️  Procesando bloque 1301 a 1400...
2025-09-25 17:46:10 - INFO - ℹ️  Debugueando el selector de artículo
2025-09-25 17:46:14 - INFO - [EXITO] ✅  Seleccionando todos los artículos de la página...
2025-09-25 17:46:17 - INFO - ℹ️  Abriendo menú de exportación...
2025-09-25 17:46:19 - INFO - ℹ️  Seleccionando formato BibTeX para exportación...
2025-09-25 17:46:21 - INFO - ℹ️  Esperando descarga del archivo...
2025-09-25 17:46:21 - INFO - ℹ️  Buscando archivo .bib...
2025-09-25 17:46:21 - INFO - [EXITO] ✅  ✓ Archivo válido: C:\Users\Samuel\VSC_Proyects\uq-biblio-pipeline\src\datos\bib\crudos\ScienceDirect_citations_1758840368057.bib
2025-09-25 17:46:21 - INFO - [EXITO] ✅  Archivo BibTeX descargado: C:\Users\Samuel\VSC_Proyects\uq-biblio-pipeline\src\datos\bib\crudos\ScienceDirect_citations_1758840368057.bib
2025-09-25 17:46:21 - INFO - [EXITO] ✅  Avanzando a la siguiente página...
2025-09-25 17:46:26 - INFO - ℹ️  Procesando bloque 1401 a 1500...
2025-09-25 17:46:26 - INFO - ℹ️  Debugueando el selector de artículo
2025-09-25 17:46:31 - INFO - [EXITO] ✅  Seleccionando todos los artículos de la página...
2025-09-25 17:46:34 - INFO - ℹ️  Abriendo menú de exportación...
2025-09-25 17:46:36 - INFO - ℹ️  Seleccionando formato BibTeX para exportación...
2025-09-25 17:46:38 - INFO - ℹ️  Esperando descarga del archivo...
2025-09-25 17:46:38 - INFO - ℹ️  Buscando archivo .bib...
2025-09-25 17:46:38 - INFO - [EXITO] ✅  ✓ Archivo válido: C:\Users\Samuel\VSC_Proyects\uq-biblio-pipeline\src\datos\bib\crudos\ScienceDirect_citations_1758840384064.bib
2025-09-25 17:46:38 - INFO - [EXITO] ✅  Archivo BibTeX descargado: C:\Users\Samuel\VSC_Proyects\uq-biblio-pipeline\src\datos\bib\crudos\ScienceDirect_citations_1758840384064.bib
2025-09-25 17:46:38 - INFO - [EXITO] ✅  Avanzando a la siguiente página...
2025-09-25 17:46:43 - INFO - ℹ️  Procesando bloque 1501 a 1600...
2025-09-25 17:46:43 - INFO - ℹ️  Debugueando el selector de artículo
2025-09-25 17:46:47 - INFO - [EXITO] ✅  Seleccionando todos los artículos de la página...
2025-09-25 17:46:50 - INFO - ℹ️  Abriendo menú de exportación...
2025-09-25 17:46:52 - INFO - ℹ️  Seleccionando formato BibTeX para exportación...
2025-09-25 17:46:54 - INFO - ℹ️  Esperando descarga del archivo...
2025-09-25 17:46:54 - INFO - ℹ️  Buscando archivo .bib...
2025-09-25 17:46:54 - INFO - [EXITO] ✅  ✓ Archivo válido: C:\Users\Samuel\VSC_Proyects\uq-biblio-pipeline\src\datos\bib\crudos\ScienceDirect_citations_1758840400483.bib
2025-09-25 17:46:54 - INFO - [EXITO] ✅  Archivo BibTeX descargado: C:\Users\Samuel\VSC_Proyects\uq-biblio-pipeline\src\datos\bib\crudos\ScienceDirect_citations_1758840400483.bib
2025-09-25 17:46:54 - INFO - [EXITO] ✅  Avanzando a la siguiente página...
2025-09-25 17:46:59 - INFO - ℹ️  Procesando bloque 1601 a 1700...
2025-09-25 17:46:59 - INFO - ℹ️  Debugueando el selector de artículo
2025-09-25 17:47:03 - INFO - [EXITO] ✅  Seleccionando todos los artículos de la página...
2025-09-25 17:47:07 - INFO - ℹ️  Abriendo menú de exportación...
2025-09-25 17:47:09 - INFO - ℹ️  Seleccionando formato BibTeX para exportación...
2025-09-25 17:47:11 - INFO - ℹ️  Esperando descarga del archivo...
2025-09-25 17:47:11 - INFO - ℹ️  Buscando archivo .bib...
2025-09-25 17:47:11 - INFO - [EXITO] ✅  ✓ Archivo válido: C:\Users\Samuel\VSC_Proyects\uq-biblio-pipeline\src\datos\bib\crudos\ScienceDirect_citations_1758840417046.bib
2025-09-25 17:47:11 - INFO - [EXITO] ✅  Archivo BibTeX descargado: C:\Users\Samuel\VSC_Proyects\uq-biblio-pipeline\src\datos\bib\crudos\ScienceDirect_citations_1758840417046.bib
2025-09-25 17:47:11 - INFO - [EXITO] ✅  Avanzando a la siguiente página...
2025-09-25 17:47:16 - INFO - ℹ️  Procesando bloque 1701 a 1800...
2025-09-25 17:47:16 - INFO - ℹ️  Debugueando el selector de artículo
2025-09-25 17:47:20 - INFO - [EXITO] ✅  Seleccionando todos los artículos de la página...
2025-09-25 17:47:23 - INFO - ℹ️  Abriendo menú de exportación...
2025-09-25 17:47:25 - INFO - ℹ️  Seleccionando formato BibTeX para exportación...
2025-09-25 17:47:27 - INFO - ℹ️  Esperando descarga del archivo...
2025-09-25 17:47:27 - INFO - ℹ️  Buscando archivo .bib...
2025-09-25 17:47:27 - INFO - [EXITO] ✅  ✓ Archivo válido: C:\Users\Samuel\VSC_Proyects\uq-biblio-pipeline\src\datos\bib\crudos\ScienceDirect_citations_1758840433552.bib
2025-09-25 17:47:27 - INFO - [EXITO] ✅  Archivo BibTeX descargado: C:\Users\Samuel\VSC_Proyects\uq-biblio-pipeline\src\datos\bib\crudos\ScienceDirect_citations_1758840433552.bib
2025-09-25 17:47:27 - INFO - [EXITO] ✅  Avanzando a la siguiente página...
2025-09-25 17:47:32 - INFO - ℹ️  Procesando bloque 1801 a 1900...
2025-09-25 17:47:32 - INFO - ℹ️  Debugueando el selector de artículo
2025-09-25 17:47:36 - INFO - [EXITO] ✅  Seleccionando todos los artículos de la página...
2025-09-25 17:47:40 - INFO - ℹ️  Abriendo menú de exportación...
2025-09-25 17:47:42 - INFO - ℹ️  Seleccionando formato BibTeX para exportación...
2025-09-25 17:47:44 - INFO - ℹ️  Esperando descarga del archivo...
2025-09-25 17:47:44 - INFO - ℹ️  Buscando archivo .bib...
2025-09-25 17:47:44 - INFO - [EXITO] ✅  ✓ Archivo válido: C:\Users\Samuel\VSC_Proyects\uq-biblio-pipeline\src\datos\bib\crudos\ScienceDirect_citations_1758840450032.bib
2025-09-25 17:47:44 - INFO - [EXITO] ✅  Archivo BibTeX descargado: C:\Users\Samuel\VSC_Proyects\uq-biblio-pipeline\src\datos\bib\crudos\ScienceDirect_citations_1758840450032.bib
2025-09-25 17:47:44 - INFO - [EXITO] ✅  Avanzando a la siguiente página...
2025-09-25 17:47:49 - INFO - ℹ️  Procesando bloque 1901 a 2000...
2025-09-25 17:47:49 - INFO - ℹ️  Debugueando el selector de artículo
2025-09-25 17:47:53 - INFO - [EXITO] ✅  Seleccionando todos los artículos de la página...
2025-09-25 17:47:56 - INFO - ℹ️  Abriendo menú de exportación...
2025-09-25 17:47:58 - INFO - ℹ️  Seleccionando formato BibTeX para exportación...
2025-09-25 17:48:00 - INFO - ℹ️  Esperando descarga del archivo...
2025-09-25 17:48:00 - INFO - ℹ️  Buscando archivo .bib...
2025-09-25 17:48:00 - INFO - [EXITO] ✅  ✓ Archivo válido: C:\Users\Samuel\VSC_Proyects\uq-biblio-pipeline\src\datos\bib\crudos\ScienceDirect_citations_1758840466656.bib
2025-09-25 17:48:00 - INFO - [EXITO] ✅  Archivo BibTeX descargado: C:\Users\Samuel\VSC_Proyects\uq-biblio-pipeline\src\datos\bib\crudos\ScienceDirect_citations_1758840466656.bib
2025-09-25 17:48:00 - INFO - [EXITO] ✅  Avanzando a la siguiente página...
2025-09-25 17:48:05 - INFO - ℹ️  Procesando bloque 2001 a 2100...
2025-09-25 17:48:05 - INFO - ℹ️  Debugueando el selector de artículo
2025-09-25 17:48:10 - INFO - [EXITO] ✅  Seleccionando todos los artículos de la página...
2025-09-25 17:48:13 - INFO - ℹ️  Abriendo menú de exportación...
2025-09-25 17:48:15 - INFO - ℹ️  Seleccionando formato BibTeX para exportación...
2025-09-25 17:48:17 - INFO - ℹ️  Esperando descarga del archivo...
2025-09-25 17:48:17 - INFO - ℹ️  Buscando archivo .bib...
2025-09-25 17:48:17 - INFO - [EXITO] ✅  ✓ Archivo válido: C:\Users\Samuel\VSC_Proyects\uq-biblio-pipeline\src\datos\bib\crudos\ScienceDirect_citations_1758840483253.bib
2025-09-25 17:48:17 - INFO - [EXITO] ✅  Archivo BibTeX descargado: C:\Users\Samuel\VSC_Proyects\uq-biblio-pipeline\src\datos\bib\crudos\ScienceDirect_citations_1758840483253.bib
2025-09-25 17:48:17 - INFO - [EXITO] ✅  Avanzando a la siguiente página...
2025-09-25 17:48:22 - INFO - ℹ️  Procesando bloque 2101 a 2200...
2025-09-25 17:48:22 - INFO - ℹ️  Debugueando el selector de artículo
2025-09-25 17:48:26 - INFO - [EXITO] ✅  Seleccionando todos los artículos de la página...
2025-09-25 17:48:29 - INFO - ℹ️  Abriendo menú de exportación...
2025-09-25 17:48:31 - INFO - ℹ️  Seleccionando formato BibTeX para exportación...
2025-09-25 17:48:33 - INFO - ℹ️  Esperando descarga del archivo...
2025-09-25 17:48:33 - INFO - ℹ️  Buscando archivo .bib...
2025-09-25 17:48:33 - INFO - [EXITO] ✅  ✓ Archivo válido: C:\Users\Samuel\VSC_Proyects\uq-biblio-pipeline\src\datos\bib\crudos\ScienceDirect_citations_1758840500073.bib
2025-09-25 17:48:33 - INFO - [EXITO] ✅  Archivo BibTeX descargado: C:\Users\Samuel\VSC_Proyects\uq-biblio-pipeline\src\datos\bib\crudos\ScienceDirect_citations_1758840500073.bib
2025-09-25 17:48:33 - INFO - [EXITO] ✅  Avanzando a la siguiente página...
2025-09-25 17:48:38 - INFO - ℹ️  Procesando bloque 2201 a 2300...
2025-09-25 17:48:38 - INFO - ℹ️  Debugueando el selector de artículo
2025-09-25 17:48:43 - INFO - [EXITO] ✅  Seleccionando todos los artículos de la página...
2025-09-25 17:48:46 - INFO - ℹ️  Abriendo menú de exportación...
2025-09-25 17:48:48 - INFO - ℹ️  Seleccionando formato BibTeX para exportación...
2025-09-25 17:48:50 - INFO - ℹ️  Esperando descarga del archivo...
2025-09-25 17:48:50 - INFO - ℹ️  Buscando archivo .bib...
2025-09-25 17:48:50 - INFO - [EXITO] ✅  ✓ Archivo válido: C:\Users\Samuel\VSC_Proyects\uq-biblio-pipeline\src\datos\bib\crudos\ScienceDirect_citations_1758840516589.bib
2025-09-25 17:48:50 - INFO - [EXITO] ✅  Archivo BibTeX descargado: C:\Users\Samuel\VSC_Proyects\uq-biblio-pipeline\src\datos\bib\crudos\ScienceDirect_citations_1758840516589.bib
2025-09-25 17:48:50 - INFO - [EXITO] ✅  Avanzando a la siguiente página...
2025-09-25 17:48:55 - INFO - ℹ️  Procesando bloque 2301 a 2400...
2025-09-25 17:48:55 - INFO - ℹ️  Debugueando el selector de artículo
2025-09-25 17:48:59 - INFO - [EXITO] ✅  Seleccionando todos los artículos de la página...
2025-09-25 17:49:02 - INFO - ℹ️  Abriendo menú de exportación...
2025-09-25 17:49:04 - INFO - ℹ️  Seleccionando formato BibTeX para exportación...
2025-09-25 17:49:06 - INFO - ℹ️  Esperando descarga del archivo...
2025-09-25 17:49:06 - INFO - ℹ️  Buscando archivo .bib...
2025-09-25 17:49:06 - INFO - [EXITO] ✅  ✓ Archivo válido: C:\Users\Samuel\VSC_Proyects\uq-biblio-pipeline\src\datos\bib\crudos\ScienceDirect_citations_1758840532967.bib
2025-09-25 17:49:06 - INFO - [EXITO] ✅  Archivo BibTeX descargado: C:\Users\Samuel\VSC_Proyects\uq-biblio-pipeline\src\datos\bib\crudos\ScienceDirect_citations_1758840532967.bib
2025-09-25 17:49:06 - INFO - [EXITO] ✅  Avanzando a la siguiente página...
2025-09-25 17:49:11 - INFO - ℹ️  Procesando bloque 2401 a 2500...
2025-09-25 17:49:11 - INFO - ℹ️  Debugueando el selector de artículo
2025-09-25 17:49:16 - INFO - [EXITO] ✅  Seleccionando todos los artículos de la página...
2025-09-25 17:49:19 - INFO - ℹ️  Abriendo menú de exportación...
2025-09-25 17:49:21 - INFO - ℹ️  Seleccionando formato BibTeX para exportación...
2025-09-25 17:49:23 - INFO - ℹ️  Esperando descarga del archivo...
2025-09-25 17:49:23 - INFO - ℹ️  Buscando archivo .bib...
2025-09-25 17:49:23 - INFO - [EXITO] ✅  ✓ Archivo válido: C:\Users\Samuel\VSC_Proyects\uq-biblio-pipeline\src\datos\bib\crudos\ScienceDirect_citations_1758840549559.bib
2025-09-25 17:49:23 - INFO - [EXITO] ✅  Archivo BibTeX descargado: C:\Users\Samuel\VSC_Proyects\uq-biblio-pipeline\src\datos\bib\crudos\ScienceDirect_citations_1758840549559.bib
2025-09-25 17:49:23 - INFO - [EXITO] ✅  Avanzando a la siguiente página...
2025-09-25 17:49:28 - INFO - ℹ️  Procesando bloque 2501 a 2600...
2025-09-25 17:49:28 - INFO - ℹ️  Debugueando el selector de artículo
2025-09-25 17:49:32 - INFO - [EXITO] ✅  Seleccionando todos los artículos de la página...
2025-09-25 17:49:35 - INFO - ℹ️  Abriendo menú de exportación...
2025-09-25 17:49:37 - INFO - ℹ️  Seleccionando formato BibTeX para exportación...
2025-09-25 17:49:39 - INFO - ℹ️  Esperando descarga del archivo...
2025-09-25 17:49:39 - INFO - ℹ️  Buscando archivo .bib...
2025-09-25 17:49:39 - INFO - [EXITO] ✅  ✓ Archivo válido: C:\Users\Samuel\VSC_Proyects\uq-biblio-pipeline\src\datos\bib\crudos\ScienceDirect_citations_1758840566160.bib
2025-09-25 17:49:39 - INFO - [EXITO] ✅  Archivo BibTeX descargado: C:\Users\Samuel\VSC_Proyects\uq-biblio-pipeline\src\datos\bib\crudos\ScienceDirect_citations_1758840566160.bib
2025-09-25 17:49:39 - INFO - [EXITO] ✅  Avanzando a la siguiente página...
2025-09-25 17:49:44 - INFO - ℹ️  Procesando bloque 2601 a 2700...
2025-09-25 17:49:44 - INFO - ℹ️  Debugueando el selector de artículo
2025-09-25 17:49:49 - INFO - [EXITO] ✅  Seleccionando todos los artículos de la página...
2025-09-25 17:49:52 - INFO - ℹ️  Abriendo menú de exportación...
2025-09-25 17:49:54 - INFO - ℹ️  Seleccionando formato BibTeX para exportación...
2025-09-25 17:49:56 - INFO - ℹ️  Esperando descarga del archivo...
2025-09-25 17:49:56 - INFO - ℹ️  Buscando archivo .bib...
2025-09-25 17:49:56 - INFO - [EXITO] ✅  ✓ Archivo válido: C:\Users\Samuel\VSC_Proyects\uq-biblio-pipeline\src\datos\bib\crudos\ScienceDirect_citations_1758840582698.bib
2025-09-25 17:49:56 - INFO - [EXITO] ✅  Archivo BibTeX descargado: C:\Users\Samuel\VSC_Proyects\uq-biblio-pipeline\src\datos\bib\crudos\ScienceDirect_citations_1758840582698.bib
2025-09-25 17:49:56 - INFO - [EXITO] ✅  Avanzando a la siguiente página...
2025-09-25 17:50:01 - INFO - ℹ️  Procesando bloque 2701 a 2800...
2025-09-25 17:50:01 - INFO - ℹ️  Debugueando el selector de artículo
2025-09-25 17:50:05 - INFO - [EXITO] ✅  Seleccionando todos los artículos de la página...
2025-09-25 17:50:08 - INFO - ℹ️  Abriendo menú de exportación...
2025-09-25 17:50:10 - INFO - ℹ️  Seleccionando formato BibTeX para exportación...
2025-09-25 17:50:12 - INFO - ℹ️  Esperando descarga del archivo...
2025-09-25 17:50:12 - INFO - ℹ️  Buscando archivo .bib...
2025-09-25 17:50:12 - INFO - [EXITO] ✅  ✓ Archivo válido: C:\Users\Samuel\VSC_Proyects\uq-biblio-pipeline\src\datos\bib\crudos\ScienceDirect_citations_1758840599197.bib
2025-09-25 17:50:12 - INFO - [EXITO] ✅  Archivo BibTeX descargado: C:\Users\Samuel\VSC_Proyects\uq-biblio-pipeline\src\datos\bib\crudos\ScienceDirect_citations_1758840599197.bib
2025-09-25 17:50:12 - INFO - [EXITO] ✅  Avanzando a la siguiente página...
2025-09-25 17:50:17 - INFO - ℹ️  Procesando bloque 2801 a 2900...
2025-09-25 17:50:17 - INFO - ℹ️  Debugueando el selector de artículo
2025-09-25 17:50:22 - INFO - [EXITO] ✅  Seleccionando todos los artículos de la página...
2025-09-25 17:50:25 - INFO - ℹ️  Abriendo menú de exportación...
2025-09-25 17:50:27 - INFO - ℹ️  Seleccionando formato BibTeX para exportación...
2025-09-25 17:50:29 - INFO - ℹ️  Esperando descarga del archivo...
2025-09-25 17:50:29 - INFO - ℹ️  Buscando archivo .bib...
2025-09-25 17:50:29 - INFO - [EXITO] ✅  ✓ Archivo válido: C:\Users\Samuel\VSC_Proyects\uq-biblio-pipeline\src\datos\bib\crudos\ScienceDirect_citations_1758840615823.bib
2025-09-25 17:50:29 - INFO - [EXITO] ✅  Archivo BibTeX descargado: C:\Users\Samuel\VSC_Proyects\uq-biblio-pipeline\src\datos\bib\crudos\ScienceDirect_citations_1758840615823.bib
2025-09-25 17:50:29 - INFO - [EXITO] ✅  Avanzando a la siguiente página...
2025-09-25 17:50:34 - INFO - ℹ️  Procesando bloque 2901 a 3000...
2025-09-25 17:50:34 - INFO - ℹ️  Debugueando el selector de artículo
2025-09-25 17:50:38 - INFO - [EXITO] ✅  Seleccionando todos los artículos de la página...
2025-09-25 17:50:41 - INFO - ℹ️  Abriendo menú de exportación...
2025-09-25 17:50:43 - INFO - ℹ️  Seleccionando formato BibTeX para exportación...
2025-09-25 17:50:45 - INFO - ℹ️  Esperando descarga del archivo...
2025-09-25 17:50:45 - INFO - ℹ️  Buscando archivo .bib...
2025-09-25 17:50:45 - INFO - [EXITO] ✅  ✓ Archivo válido: C:\Users\Samuel\VSC_Proyects\uq-biblio-pipeline\src\datos\bib\crudos\ScienceDirect_citations_1758840632205.bib
2025-09-25 17:50:45 - INFO - [EXITO] ✅  Archivo BibTeX descargado: C:\Users\Samuel\VSC_Proyects\uq-biblio-pipeline\src\datos\bib\crudos\ScienceDirect_citations_1758840632205.bib
2025-09-25 17:50:45 - INFO - [EXITO] ✅  Avanzando a la siguiente página...
2025-09-25 17:50:50 - INFO - ℹ️  Procesando bloque 3001 a 3100...
2025-09-25 17:50:50 - INFO - ℹ️  Debugueando el selector de artículo
2025-09-25 17:50:55 - INFO - [EXITO] ✅  Seleccionando todos los artículos de la página...
2025-09-25 17:50:58 - INFO - ℹ️  Abriendo menú de exportación...
2025-09-25 17:51:00 - INFO - ℹ️  Seleccionando formato BibTeX para exportación...
2025-09-25 17:51:02 - INFO - ℹ️  Esperando descarga del archivo...
2025-09-25 17:51:02 - INFO - ℹ️  Buscando archivo .bib...
2025-09-25 17:51:02 - INFO - [EXITO] ✅  ✓ Archivo válido: C:\Users\Samuel\VSC_Proyects\uq-biblio-pipeline\src\datos\bib\crudos\ScienceDirect_citations_1758840648737.bib
2025-09-25 17:51:02 - INFO - [EXITO] ✅  Archivo BibTeX descargado: C:\Users\Samuel\VSC_Proyects\uq-biblio-pipeline\src\datos\bib\crudos\ScienceDirect_citations_1758840648737.bib
2025-09-25 17:51:02 - INFO - [EXITO] ✅  Avanzando a la siguiente página...
2025-09-25 17:51:07 - INFO - ℹ️  Procesando bloque 3101 a 3200...
2025-09-25 17:51:07 - INFO - ℹ️  Debugueando el selector de artículo
2025-09-25 17:51:11 - INFO - [EXITO] ✅  Seleccionando todos los artículos de la página...
2025-09-25 17:51:14 - INFO - ℹ️  Abriendo menú de exportación...
2025-09-25 17:51:16 - INFO - ℹ️  Seleccionando formato BibTeX para exportación...
2025-09-25 17:51:19 - INFO - ℹ️  Esperando descarga del archivo...
2025-09-25 17:51:19 - INFO - ℹ️  Buscando archivo .bib...
2025-09-25 17:51:19 - INFO - [EXITO] ✅  ✓ Archivo válido: C:\Users\Samuel\VSC_Proyects\uq-biblio-pipeline\src\datos\bib\crudos\ScienceDirect_citations_1758840665389.bib
2025-09-25 17:51:19 - INFO - [EXITO] ✅  Archivo BibTeX descargado: C:\Users\Samuel\VSC_Proyects\uq-biblio-pipeline\src\datos\bib\crudos\ScienceDirect_citations_1758840665389.bib
2025-09-25 17:51:19 - INFO - [EXITO] ✅  Avanzando a la siguiente página...
2025-09-25 17:51:24 - INFO - ℹ️  Procesando bloque 3201 a 3300...
2025-09-25 17:51:24 - INFO - ℹ️  Debugueando el selector de artículo
2025-09-25 17:51:28 - INFO - [EXITO] ✅  Seleccionando todos los artículos de la página...
2025-09-25 17:51:31 - INFO - ℹ️  Abriendo menú de exportación...
2025-09-25 17:51:33 - INFO - ℹ️  Seleccionando formato BibTeX para exportación...
2025-09-25 17:51:35 - INFO - ℹ️  Esperando descarga del archivo...
2025-09-25 17:51:35 - INFO - ℹ️  Buscando archivo .bib...
2025-09-25 17:51:35 - INFO - [EXITO] ✅  ✓ Archivo válido: C:\Users\Samuel\VSC_Proyects\uq-biblio-pipeline\src\datos\bib\crudos\ScienceDirect_citations_1758840681861.bib
2025-09-25 17:51:35 - INFO - [EXITO] ✅  Archivo BibTeX descargado: C:\Users\Samuel\VSC_Proyects\uq-biblio-pipeline\src\datos\bib\crudos\ScienceDirect_citations_1758840681861.bib
2025-09-25 17:51:35 - INFO - [EXITO] ✅  Avanzando a la siguiente página...
2025-09-25 17:51:40 - INFO - ℹ️  Procesando bloque 3301 a 3400...
2025-09-25 17:51:40 - INFO - ℹ️  Debugueando el selector de artículo
2025-09-25 17:51:44 - INFO - [EXITO] ✅  Seleccionando todos los artículos de la página...
2025-09-25 17:51:47 - INFO - ℹ️  Abriendo menú de exportación...
2025-09-25 17:51:49 - INFO - ℹ️  Seleccionando formato BibTeX para exportación...
2025-09-25 17:51:52 - INFO - ℹ️  Esperando descarga del archivo...
2025-09-25 17:51:52 - INFO - ℹ️  Buscando archivo .bib...
2025-09-25 17:51:52 - INFO - [EXITO] ✅  ✓ Archivo válido: C:\Users\Samuel\VSC_Proyects\uq-biblio-pipeline\src\datos\bib\crudos\ScienceDirect_citations_1758840698157.bib
2025-09-25 17:51:52 - INFO - [EXITO] ✅  Archivo BibTeX descargado: C:\Users\Samuel\VSC_Proyects\uq-biblio-pipeline\src\datos\bib\crudos\ScienceDirect_citations_1758840698157.bib
2025-09-25 17:51:52 - INFO - [EXITO] ✅  Límite de 3317 artículos alcanzado. Finalizando...
2025-09-25 17:51:52 - INFO - ℹ️  Proceso finalizado.
2025-09-25 17:51:52 - INFO - [EXITO] ✅  ✓ Descarga ScienceDirect completada
2025-09-25 17:51:52 - INFO - ℹ️  Iniciando proceso de deduplicación de BibTeX...
2025-09-25 17:51:52 - INFO - ℹ️  Procesando archivo: C:\Users\Samuel\VSC_Proyects\uq-biblio-pipeline\src\datos\bib\crudos\acm.bib
2025-09-25 17:51:52 - INFO - ℹ️  Iniciando carga segura de BibTeX: C:\Users\Samuel\VSC_Proyects\uq-biblio-pipeline\src\datos\bib\crudos\acm.bib
2025-09-25 17:51:52 - INFO - ℹ️  Limpieza de keywords iniciada en: C:\Users\Samuel\VSC_Proyects\uq-biblio-pipeline\src\datos\bib\crudos\acm.bib
2025-09-25 17:51:52 - INFO - [EXITO] ✅  Limpieza de keywords completada: C:\Users\Samuel\VSC_Proyects\uq-biblio-pipeline\src\datos\bib\crudos\acm.bib
2025-09-25 17:51:57 - INFO - [EXITO] ✅  Parse exitoso (completo) de C:\Users\Samuel\VSC_Proyects\uq-biblio-pipeline\src\datos\bib\crudos\acm.bib con 1000 entradas.
2025-09-25 17:51:57 - WARNING - ⚠️  Entrada corrupta detectada (clave=corrupto_1)
2025-09-25 17:51:57 - WARNING - ⚠️  Entrada corrupta detectada (clave=corrupto_2)
2025-09-25 17:51:57 - WARNING - ⚠️  Entrada corrupta detectada (clave=corrupto_3)
2025-09-25 17:51:57 - WARNING - ⚠️  Entrada corrupta detectada (clave=corrupto_4)
2025-09-25 17:51:57 - WARNING - ⚠️  Entrada corrupta detectada (clave=corrupto_5)
2025-09-25 17:51:57 - WARNING - ⚠️  Entrada corrupta detectada (clave=corrupto_6)
2025-09-25 17:51:57 - WARNING - ⚠️  Entrada corrupta detectada (clave=corrupto_7)
2025-09-25 17:51:57 - WARNING - ⚠️  Entrada corrupta detectada (clave=corrupto_8)
2025-09-25 17:51:57 - WARNING - ⚠️  Entrada corrupta detectada (clave=corrupto_9)
2025-09-25 17:51:57 - WARNING - ⚠️  Entrada corrupta detectada (clave=corrupto_10)
2025-09-25 17:51:57 - WARNING - ⚠️  Entrada corrupta detectada (clave=corrupto_11)
2025-09-25 17:51:57 - WARNING - ⚠️  Entrada corrupta detectada (clave=corrupto_12)
2025-09-25 17:51:57 - WARNING - ⚠️  Entrada corrupta detectada (clave=corrupto_13)
2025-09-25 17:51:57 - WARNING - ⚠️  Entrada corrupta detectada (clave=corrupto_14)
2025-09-25 17:51:57 - WARNING - ⚠️  Entrada corrupta detectada (clave=corrupto_15)
2025-09-25 17:51:57 - INFO - ℹ️  Procesando archivo: C:\Users\Samuel\VSC_Proyects\uq-biblio-pipeline\src\datos\bib\crudos\ScienceDirect_citations_1758840170006.bib
2025-09-25 17:51:57 - INFO - ℹ️  Iniciando carga segura de BibTeX: C:\Users\Samuel\VSC_Proyects\uq-biblio-pipeline\src\datos\bib\crudos\ScienceDirect_citations_1758840170006.bib
2025-09-25 17:51:57 - INFO - ℹ️  Limpieza de keywords iniciada en: C:\Users\Samuel\VSC_Proyects\uq-biblio-pipeline\src\datos\bib\crudos\ScienceDirect_citations_1758840170006.bib
2025-09-25 17:51:57 - INFO - [EXITO] ✅  Limpieza de keywords completada: C:\Users\Samuel\VSC_Proyects\uq-biblio-pipeline\src\datos\bib\crudos\ScienceDirect_citations_1758840170006.bib
2025-09-25 17:51:57 - INFO - [EXITO] ✅  Parse exitoso (completo) de C:\Users\Samuel\VSC_Proyects\uq-biblio-pipeline\src\datos\bib\crudos\ScienceDirect_citations_1758840170006.bib con 100 entradas.
2025-09-25 17:51:57 - INFO - ℹ️  Procesando archivo: C:\Users\Samuel\VSC_Proyects\uq-biblio-pipeline\src\datos\bib\crudos\ScienceDirect_citations_1758840186634.bib
2025-09-25 17:51:57 - INFO - ℹ️  Iniciando carga segura de BibTeX: C:\Users\Samuel\VSC_Proyects\uq-biblio-pipeline\src\datos\bib\crudos\ScienceDirect_citations_1758840186634.bib
2025-09-25 17:51:58 - INFO - ℹ️  Limpieza de keywords iniciada en: C:\Users\Samuel\VSC_Proyects\uq-biblio-pipeline\src\datos\bib\crudos\ScienceDirect_citations_1758840186634.bib
2025-09-25 17:51:58 - INFO - [EXITO] ✅  Limpieza de keywords completada: C:\Users\Samuel\VSC_Proyects\uq-biblio-pipeline\src\datos\bib\crudos\ScienceDirect_citations_1758840186634.bib
2025-09-25 17:51:58 - INFO - [EXITO] ✅  Parse exitoso (completo) de C:\Users\Samuel\VSC_Proyects\uq-biblio-pipeline\src\datos\bib\crudos\ScienceDirect_citations_1758840186634.bib con 100 entradas.
2025-09-25 17:51:58 - INFO - ℹ️  Duplicado detectado para recurso=doi:https://doi.org/10.1016/j.tele.2025.102299
2025-09-25 17:51:58 - INFO - ℹ️  Duplicado detectado para recurso=doi:https://doi.org/10.1016/j.procir.2024.12.119
2025-09-25 17:51:58 - INFO - ℹ️  Procesando archivo: C:\Users\Samuel\VSC_Proyects\uq-biblio-pipeline\src\datos\bib\crudos\ScienceDirect_citations_1758840203166.bib
2025-09-25 17:51:58 - INFO - ℹ️  Iniciando carga segura de BibTeX: C:\Users\Samuel\VSC_Proyects\uq-biblio-pipeline\src\datos\bib\crudos\ScienceDirect_citations_1758840203166.bib
2025-09-25 17:51:58 - INFO - ℹ️  Limpieza de keywords iniciada en: C:\Users\Samuel\VSC_Proyects\uq-biblio-pipeline\src\datos\bib\crudos\ScienceDirect_citations_1758840203166.bib
2025-09-25 17:51:58 - INFO - [EXITO] ✅  Limpieza de keywords completada: C:\Users\Samuel\VSC_Proyects\uq-biblio-pipeline\src\datos\bib\crudos\ScienceDirect_citations_1758840203166.bib
2025-09-25 17:51:58 - INFO - [EXITO] ✅  Parse exitoso (completo) de C:\Users\Samuel\VSC_Proyects\uq-biblio-pipeline\src\datos\bib\crudos\ScienceDirect_citations_1758840203166.bib con 100 entradas.
2025-09-25 17:51:58 - INFO - ℹ️  Duplicado detectado para recurso=doi:https://doi.org/10.1016/j.jocmr.2025.101901
2025-09-25 17:51:58 - INFO - ℹ️  Procesando archivo: C:\Users\Samuel\VSC_Proyects\uq-biblio-pipeline\src\datos\bib\crudos\ScienceDirect_citations_1758840219600.bib
2025-09-25 17:51:58 - INFO - ℹ️  Iniciando carga segura de BibTeX: C:\Users\Samuel\VSC_Proyects\uq-biblio-pipeline\src\datos\bib\crudos\ScienceDirect_citations_1758840219600.bib
2025-09-25 17:51:58 - INFO - ℹ️  Limpieza de keywords iniciada en: C:\Users\Samuel\VSC_Proyects\uq-biblio-pipeline\src\datos\bib\crudos\ScienceDirect_citations_1758840219600.bib
2025-09-25 17:51:58 - INFO - [EXITO] ✅  Limpieza de keywords completada: C:\Users\Samuel\VSC_Proyects\uq-biblio-pipeline\src\datos\bib\crudos\ScienceDirect_citations_1758840219600.bib
2025-09-25 17:51:58 - INFO - [EXITO] ✅  Parse exitoso (completo) de C:\Users\Samuel\VSC_Proyects\uq-biblio-pipeline\src\datos\bib\crudos\ScienceDirect_citations_1758840219600.bib con 100 entradas.
2025-09-25 17:51:58 - INFO - ℹ️  Procesando archivo: C:\Users\Samuel\VSC_Proyects\uq-biblio-pipeline\src\datos\bib\crudos\ScienceDirect_citations_1758840236147.bib
2025-09-25 17:51:58 - INFO - ℹ️  Iniciando carga segura de BibTeX: C:\Users\Samuel\VSC_Proyects\uq-biblio-pipeline\src\datos\bib\crudos\ScienceDirect_citations_1758840236147.bib
2025-09-25 17:51:58 - INFO - ℹ️  Limpieza de keywords iniciada en: C:\Users\Samuel\VSC_Proyects\uq-biblio-pipeline\src\datos\bib\crudos\ScienceDirect_citations_1758840236147.bib
2025-09-25 17:51:58 - INFO - [EXITO] ✅  Limpieza de keywords completada: C:\Users\Samuel\VSC_Proyects\uq-biblio-pipeline\src\datos\bib\crudos\ScienceDirect_citations_1758840236147.bib
2025-09-25 17:51:58 - INFO - [EXITO] ✅  Parse exitoso (completo) de C:\Users\Samuel\VSC_Proyects\uq-biblio-pipeline\src\datos\bib\crudos\ScienceDirect_citations_1758840236147.bib con 100 entradas.
2025-09-25 17:51:58 - INFO - ℹ️  Procesando archivo: C:\Users\Samuel\VSC_Proyects\uq-biblio-pipeline\src\datos\bib\crudos\ScienceDirect_citations_1758840252701.bib
2025-09-25 17:51:58 - INFO - ℹ️  Iniciando carga segura de BibTeX: C:\Users\Samuel\VSC_Proyects\uq-biblio-pipeline\src\datos\bib\crudos\ScienceDirect_citations_1758840252701.bib
2025-09-25 17:51:58 - INFO - ℹ️  Limpieza de keywords iniciada en: C:\Users\Samuel\VSC_Proyects\uq-biblio-pipeline\src\datos\bib\crudos\ScienceDirect_citations_1758840252701.bib
2025-09-25 17:51:58 - INFO - [EXITO] ✅  Limpieza de keywords completada: C:\Users\Samuel\VSC_Proyects\uq-biblio-pipeline\src\datos\bib\crudos\ScienceDirect_citations_1758840252701.bib
2025-09-25 17:51:58 - WARNING - ⚠️  Clave duplicada detectada en C:\Users\Samuel\VSC_Proyects\uq-biblio-pipeline\src\datos\bib\crudos\ScienceDirect_citations_1758840252701.bib: WANG2025 → renombrada como WANG2025_2
2025-09-25 17:51:58 - INFO - [EXITO] ✅  Parse exitoso (completo) de C:\Users\Samuel\VSC_Proyects\uq-biblio-pipeline\src\datos\bib\crudos\ScienceDirect_citations_1758840252701.bib con 100 entradas.
2025-09-25 17:51:58 - INFO - ℹ️  Procesando archivo: C:\Users\Samuel\VSC_Proyects\uq-biblio-pipeline\src\datos\bib\crudos\ScienceDirect_citations_1758840269047.bib
2025-09-25 17:51:58 - INFO - ℹ️  Iniciando carga segura de BibTeX: C:\Users\Samuel\VSC_Proyects\uq-biblio-pipeline\src\datos\bib\crudos\ScienceDirect_citations_1758840269047.bib
2025-09-25 17:51:58 - INFO - ℹ️  Limpieza de keywords iniciada en: C:\Users\Samuel\VSC_Proyects\uq-biblio-pipeline\src\datos\bib\crudos\ScienceDirect_citations_1758840269047.bib
2025-09-25 17:51:58 - INFO - [EXITO] ✅  Limpieza de keywords completada: C:\Users\Samuel\VSC_Proyects\uq-biblio-pipeline\src\datos\bib\crudos\ScienceDirect_citations_1758840269047.bib
2025-09-25 17:51:58 - INFO - [EXITO] ✅  Parse exitoso (completo) de C:\Users\Samuel\VSC_Proyects\uq-biblio-pipeline\src\datos\bib\crudos\ScienceDirect_citations_1758840269047.bib con 100 entradas.
2025-09-25 17:51:58 - INFO - ℹ️  Duplicado detectado para recurso=doi:https://doi.org/10.1016/j.ijpe.2025.109721
2025-09-25 17:51:58 - INFO - ℹ️  Procesando archivo: C:\Users\Samuel\VSC_Proyects\uq-biblio-pipeline\src\datos\bib\crudos\ScienceDirect_citations_1758840285594.bib
2025-09-25 17:51:58 - INFO - ℹ️  Iniciando carga segura de BibTeX: C:\Users\Samuel\VSC_Proyects\uq-biblio-pipeline\src\datos\bib\crudos\ScienceDirect_citations_1758840285594.bib
2025-09-25 17:51:58 - INFO - ℹ️  Limpieza de keywords iniciada en: C:\Users\Samuel\VSC_Proyects\uq-biblio-pipeline\src\datos\bib\crudos\ScienceDirect_citations_1758840285594.bib
2025-09-25 17:51:58 - INFO - [EXITO] ✅  Limpieza de keywords completada: C:\Users\Samuel\VSC_Proyects\uq-biblio-pipeline\src\datos\bib\crudos\ScienceDirect_citations_1758840285594.bib
2025-09-25 17:51:58 - INFO - [EXITO] ✅  Parse exitoso (completo) de C:\Users\Samuel\VSC_Proyects\uq-biblio-pipeline\src\datos\bib\crudos\ScienceDirect_citations_1758840285594.bib con 100 entradas.
2025-09-25 17:51:58 - INFO - ℹ️  Duplicado detectado para recurso=doi:https://doi.org/10.1016/j.frl.2024.106349
2025-09-25 17:51:58 - INFO - ℹ️  Duplicado detectado para recurso=doi:https://doi.org/10.1016/j.procs.2025.02.239
2025-09-25 17:51:58 - INFO - ℹ️  Procesando archivo: C:\Users\Samuel\VSC_Proyects\uq-biblio-pipeline\src\datos\bib\crudos\ScienceDirect_citations_1758840302110.bib
2025-09-25 17:51:58 - INFO - ℹ️  Iniciando carga segura de BibTeX: C:\Users\Samuel\VSC_Proyects\uq-biblio-pipeline\src\datos\bib\crudos\ScienceDirect_citations_1758840302110.bib
2025-09-25 17:51:58 - INFO - ℹ️  Limpieza de keywords iniciada en: C:\Users\Samuel\VSC_Proyects\uq-biblio-pipeline\src\datos\bib\crudos\ScienceDirect_citations_1758840302110.bib
2025-09-25 17:51:58 - INFO - [EXITO] ✅  Limpieza de keywords completada: C:\Users\Samuel\VSC_Proyects\uq-biblio-pipeline\src\datos\bib\crudos\ScienceDirect_citations_1758840302110.bib
2025-09-25 17:51:58 - WARNING - ⚠️  Clave duplicada detectada en C:\Users\Samuel\VSC_Proyects\uq-biblio-pipeline\src\datos\bib\crudos\ScienceDirect_citations_1758840302110.bib: CHEN2024 → renombrada como CHEN2024_2
2025-09-25 17:51:58 - INFO - [EXITO] ✅  Parse exitoso (completo) de C:\Users\Samuel\VSC_Proyects\uq-biblio-pipeline\src\datos\bib\crudos\ScienceDirect_citations_1758840302110.bib con 100 entradas.
2025-09-25 17:51:58 - INFO - ℹ️  Duplicado detectado para recurso=doi:https://doi.org/10.1016/j.chb.2025.108705
2025-09-25 17:51:58 - INFO - ℹ️  Duplicado detectado para recurso=doi:https://doi.org/10.1016/j.procir.2024.03.040
2025-09-25 17:51:58 - INFO - ℹ️  Procesando archivo: C:\Users\Samuel\VSC_Proyects\uq-biblio-pipeline\src\datos\bib\crudos\ScienceDirect_citations_1758840318590.bib
2025-09-25 17:51:58 - INFO - ℹ️  Iniciando carga segura de BibTeX: C:\Users\Samuel\VSC_Proyects\uq-biblio-pipeline\src\datos\bib\crudos\ScienceDirect_citations_1758840318590.bib
2025-09-25 17:51:58 - INFO - ℹ️  Limpieza de keywords iniciada en: C:\Users\Samuel\VSC_Proyects\uq-biblio-pipeline\src\datos\bib\crudos\ScienceDirect_citations_1758840318590.bib
2025-09-25 17:51:59 - INFO - [EXITO] ✅  Limpieza de keywords completada: C:\Users\Samuel\VSC_Proyects\uq-biblio-pipeline\src\datos\bib\crudos\ScienceDirect_citations_1758840318590.bib
2025-09-25 17:51:59 - INFO - [EXITO] ✅  Parse exitoso (completo) de C:\Users\Samuel\VSC_Proyects\uq-biblio-pipeline\src\datos\bib\crudos\ScienceDirect_citations_1758840318590.bib con 100 entradas.
2025-09-25 17:51:59 - INFO - ℹ️  Duplicado detectado para recurso=doi:https://doi.org/10.1016/j.caeai.2024.100216
2025-09-25 17:51:59 - INFO - ℹ️  Procesando archivo: C:\Users\Samuel\VSC_Proyects\uq-biblio-pipeline\src\datos\bib\crudos\ScienceDirect_citations_1758840335166.bib
2025-09-25 17:51:59 - INFO - ℹ️  Iniciando carga segura de BibTeX: C:\Users\Samuel\VSC_Proyects\uq-biblio-pipeline\src\datos\bib\crudos\ScienceDirect_citations_1758840335166.bib
2025-09-25 17:51:59 - INFO - ℹ️  Limpieza de keywords iniciada en: C:\Users\Samuel\VSC_Proyects\uq-biblio-pipeline\src\datos\bib\crudos\ScienceDirect_citations_1758840335166.bib
2025-09-25 17:51:59 - INFO - [EXITO] ✅  Limpieza de keywords completada: C:\Users\Samuel\VSC_Proyects\uq-biblio-pipeline\src\datos\bib\crudos\ScienceDirect_citations_1758840335166.bib
2025-09-25 17:51:59 - INFO - [EXITO] ✅  Parse exitoso (completo) de C:\Users\Samuel\VSC_Proyects\uq-biblio-pipeline\src\datos\bib\crudos\ScienceDirect_citations_1758840335166.bib con 100 entradas.
2025-09-25 17:51:59 - INFO - ℹ️  Duplicado detectado para recurso=doi:https://doi.org/10.1016/s2589-7500(23)00201-7
2025-09-25 17:51:59 - INFO - ℹ️  Procesando archivo: C:\Users\Samuel\VSC_Proyects\uq-biblio-pipeline\src\datos\bib\crudos\ScienceDirect_citations_1758840351861.bib
2025-09-25 17:51:59 - INFO - ℹ️  Iniciando carga segura de BibTeX: C:\Users\Samuel\VSC_Proyects\uq-biblio-pipeline\src\datos\bib\crudos\ScienceDirect_citations_1758840351861.bib
2025-09-25 17:51:59 - INFO - ℹ️  Limpieza de keywords iniciada en: C:\Users\Samuel\VSC_Proyects\uq-biblio-pipeline\src\datos\bib\crudos\ScienceDirect_citations_1758840351861.bib
2025-09-25 17:51:59 - INFO - [EXITO] ✅  Limpieza de keywords completada: C:\Users\Samuel\VSC_Proyects\uq-biblio-pipeline\src\datos\bib\crudos\ScienceDirect_citations_1758840351861.bib
2025-09-25 17:51:59 - INFO - [EXITO] ✅  Parse exitoso (completo) de C:\Users\Samuel\VSC_Proyects\uq-biblio-pipeline\src\datos\bib\crudos\ScienceDirect_citations_1758840351861.bib con 100 entradas.
2025-09-25 17:51:59 - INFO - ℹ️  Procesando archivo: C:\Users\Samuel\VSC_Proyects\uq-biblio-pipeline\src\datos\bib\crudos\ScienceDirect_citations_1758840368057.bib
2025-09-25 17:51:59 - INFO - ℹ️  Iniciando carga segura de BibTeX: C:\Users\Samuel\VSC_Proyects\uq-biblio-pipeline\src\datos\bib\crudos\ScienceDirect_citations_1758840368057.bib
2025-09-25 17:51:59 - INFO - ℹ️  Limpieza de keywords iniciada en: C:\Users\Samuel\VSC_Proyects\uq-biblio-pipeline\src\datos\bib\crudos\ScienceDirect_citations_1758840368057.bib
2025-09-25 17:51:59 - INFO - [EXITO] ✅  Limpieza de keywords completada: C:\Users\Samuel\VSC_Proyects\uq-biblio-pipeline\src\datos\bib\crudos\ScienceDirect_citations_1758840368057.bib
2025-09-25 17:51:59 - WARNING - ⚠️  Clave duplicada detectada en C:\Users\Samuel\VSC_Proyects\uq-biblio-pipeline\src\datos\bib\crudos\ScienceDirect_citations_1758840368057.bib: 2026i → renombrada como 2026i_2
2025-09-25 17:51:59 - INFO - [EXITO] ✅  Parse exitoso (completo) de C:\Users\Samuel\VSC_Proyects\uq-biblio-pipeline\src\datos\bib\crudos\ScienceDirect_citations_1758840368057.bib con 100 entradas.
2025-09-25 17:51:59 - INFO - ℹ️  Procesando archivo: C:\Users\Samuel\VSC_Proyects\uq-biblio-pipeline\src\datos\bib\crudos\ScienceDirect_citations_1758840384064.bib
2025-09-25 17:51:59 - INFO - ℹ️  Iniciando carga segura de BibTeX: C:\Users\Samuel\VSC_Proyects\uq-biblio-pipeline\src\datos\bib\crudos\ScienceDirect_citations_1758840384064.bib
2025-09-25 17:51:59 - INFO - ℹ️  Limpieza de keywords iniciada en: C:\Users\Samuel\VSC_Proyects\uq-biblio-pipeline\src\datos\bib\crudos\ScienceDirect_citations_1758840384064.bib
2025-09-25 17:51:59 - INFO - [EXITO] ✅  Limpieza de keywords completada: C:\Users\Samuel\VSC_Proyects\uq-biblio-pipeline\src\datos\bib\crudos\ScienceDirect_citations_1758840384064.bib
2025-09-25 17:51:59 - WARNING - ⚠️  Clave duplicada detectada en C:\Users\Samuel\VSC_Proyects\uq-biblio-pipeline\src\datos\bib\crudos\ScienceDirect_citations_1758840384064.bib: 2025i → renombrada como 2025i_2
2025-09-25 17:51:59 - WARNING - ⚠️  Clave duplicada detectada en C:\Users\Samuel\VSC_Proyects\uq-biblio-pipeline\src\datos\bib\crudos\ScienceDirect_citations_1758840384064.bib: 2025i → renombrada como 2025i_3
2025-09-25 17:51:59 - WARNING - ⚠️  Clave duplicada detectada en C:\Users\Samuel\VSC_Proyects\uq-biblio-pipeline\src\datos\bib\crudos\ScienceDirect_citations_1758840384064.bib: 2025i → renombrada como 2025i_4
2025-09-25 17:51:59 - INFO - [EXITO] ✅  Parse exitoso (completo) de C:\Users\Samuel\VSC_Proyects\uq-biblio-pipeline\src\datos\bib\crudos\ScienceDirect_citations_1758840384064.bib con 100 entradas.
2025-09-25 17:51:59 - INFO - ℹ️  Duplicado detectado para recurso=doi:https://doi.org/10.1053/s0016-5085(25)05755-5
2025-09-25 17:51:59 - INFO - ℹ️  Duplicado detectado para recurso=doi:https://doi.org/10.1016/j.amepre.2025.107881
2025-09-25 17:51:59 - INFO - ℹ️  Procesando archivo: C:\Users\Samuel\VSC_Proyects\uq-biblio-pipeline\src\datos\bib\crudos\ScienceDirect_citations_1758840400483.bib
2025-09-25 17:51:59 - INFO - ℹ️  Iniciando carga segura de BibTeX: C:\Users\Samuel\VSC_Proyects\uq-biblio-pipeline\src\datos\bib\crudos\ScienceDirect_citations_1758840400483.bib
2025-09-25 17:51:59 - INFO - ℹ️  Limpieza de keywords iniciada en: C:\Users\Samuel\VSC_Proyects\uq-biblio-pipeline\src\datos\bib\crudos\ScienceDirect_citations_1758840400483.bib
2025-09-25 17:51:59 - INFO - [EXITO] ✅  Limpieza de keywords completada: C:\Users\Samuel\VSC_Proyects\uq-biblio-pipeline\src\datos\bib\crudos\ScienceDirect_citations_1758840400483.bib
2025-09-25 17:51:59 - WARNING - ⚠️  Clave duplicada detectada en C:\Users\Samuel\VSC_Proyects\uq-biblio-pipeline\src\datos\bib\crudos\ScienceDirect_citations_1758840400483.bib: SHIH2025 → renombrada como SHIH2025_2
2025-09-25 17:51:59 - INFO - [EXITO] ✅  Parse exitoso (completo) de C:\Users\Samuel\VSC_Proyects\uq-biblio-pipeline\src\datos\bib\crudos\ScienceDirect_citations_1758840400483.bib con 100 entradas.
2025-09-25 17:51:59 - INFO - ℹ️  Procesando archivo: C:\Users\Samuel\VSC_Proyects\uq-biblio-pipeline\src\datos\bib\crudos\ScienceDirect_citations_1758840417046.bib
2025-09-25 17:51:59 - INFO - ℹ️  Iniciando carga segura de BibTeX: C:\Users\Samuel\VSC_Proyects\uq-biblio-pipeline\src\datos\bib\crudos\ScienceDirect_citations_1758840417046.bib
2025-09-25 17:51:59 - INFO - ℹ️  Limpieza de keywords iniciada en: C:\Users\Samuel\VSC_Proyects\uq-biblio-pipeline\src\datos\bib\crudos\ScienceDirect_citations_1758840417046.bib
2025-09-25 17:51:59 - INFO - [EXITO] ✅  Limpieza de keywords completada: C:\Users\Samuel\VSC_Proyects\uq-biblio-pipeline\src\datos\bib\crudos\ScienceDirect_citations_1758840417046.bib
2025-09-25 17:51:59 - WARNING - ⚠️  Clave duplicada detectada en C:\Users\Samuel\VSC_Proyects\uq-biblio-pipeline\src\datos\bib\crudos\ScienceDirect_citations_1758840417046.bib: HE2025 → renombrada como HE2025_2
2025-09-25 17:51:59 - WARNING - ⚠️  Clave duplicada detectada en C:\Users\Samuel\VSC_Proyects\uq-biblio-pipeline\src\datos\bib\crudos\ScienceDirect_citations_1758840417046.bib: 2025v → renombrada como 2025v_2
2025-09-25 17:51:59 - INFO - [EXITO] ✅  Parse exitoso (completo) de C:\Users\Samuel\VSC_Proyects\uq-biblio-pipeline\src\datos\bib\crudos\ScienceDirect_citations_1758840417046.bib con 100 entradas.
2025-09-25 17:51:59 - INFO - ℹ️  Procesando archivo: C:\Users\Samuel\VSC_Proyects\uq-biblio-pipeline\src\datos\bib\crudos\ScienceDirect_citations_1758840433552.bib
2025-09-25 17:51:59 - INFO - ℹ️  Iniciando carga segura de BibTeX: C:\Users\Samuel\VSC_Proyects\uq-biblio-pipeline\src\datos\bib\crudos\ScienceDirect_citations_1758840433552.bib
2025-09-25 17:51:59 - INFO - ℹ️  Limpieza de keywords iniciada en: C:\Users\Samuel\VSC_Proyects\uq-biblio-pipeline\src\datos\bib\crudos\ScienceDirect_citations_1758840433552.bib
2025-09-25 17:52:00 - INFO - [EXITO] ✅  Limpieza de keywords completada: C:\Users\Samuel\VSC_Proyects\uq-biblio-pipeline\src\datos\bib\crudos\ScienceDirect_citations_1758840433552.bib
2025-09-25 17:52:00 - INFO - [EXITO] ✅  Parse exitoso (completo) de C:\Users\Samuel\VSC_Proyects\uq-biblio-pipeline\src\datos\bib\crudos\ScienceDirect_citations_1758840433552.bib con 100 entradas.
2025-09-25 17:52:00 - INFO - ℹ️  Duplicado detectado para recurso=doi:https://doi.org/10.1016/j.ajpe.2024.100874
2025-09-25 17:52:00 - INFO - ℹ️  Procesando archivo: C:\Users\Samuel\VSC_Proyects\uq-biblio-pipeline\src\datos\bib\crudos\ScienceDirect_citations_1758840450032.bib
2025-09-25 17:52:00 - INFO - ℹ️  Iniciando carga segura de BibTeX: C:\Users\Samuel\VSC_Proyects\uq-biblio-pipeline\src\datos\bib\crudos\ScienceDirect_citations_1758840450032.bib
2025-09-25 17:52:00 - INFO - ℹ️  Limpieza de keywords iniciada en: C:\Users\Samuel\VSC_Proyects\uq-biblio-pipeline\src\datos\bib\crudos\ScienceDirect_citations_1758840450032.bib
2025-09-25 17:52:00 - INFO - [EXITO] ✅  Limpieza de keywords completada: C:\Users\Samuel\VSC_Proyects\uq-biblio-pipeline\src\datos\bib\crudos\ScienceDirect_citations_1758840450032.bib
2025-09-25 17:52:00 - INFO - [EXITO] ✅  Parse exitoso (completo) de C:\Users\Samuel\VSC_Proyects\uq-biblio-pipeline\src\datos\bib\crudos\ScienceDirect_citations_1758840450032.bib con 100 entradas.
2025-09-25 17:52:00 - INFO - ℹ️  Procesando archivo: C:\Users\Samuel\VSC_Proyects\uq-biblio-pipeline\src\datos\bib\crudos\ScienceDirect_citations_1758840466656.bib
2025-09-25 17:52:00 - INFO - ℹ️  Iniciando carga segura de BibTeX: C:\Users\Samuel\VSC_Proyects\uq-biblio-pipeline\src\datos\bib\crudos\ScienceDirect_citations_1758840466656.bib
2025-09-25 17:52:00 - INFO - ℹ️  Limpieza de keywords iniciada en: C:\Users\Samuel\VSC_Proyects\uq-biblio-pipeline\src\datos\bib\crudos\ScienceDirect_citations_1758840466656.bib
2025-09-25 17:52:00 - INFO - [EXITO] ✅  Limpieza de keywords completada: C:\Users\Samuel\VSC_Proyects\uq-biblio-pipeline\src\datos\bib\crudos\ScienceDirect_citations_1758840466656.bib
2025-09-25 17:52:00 - INFO - [EXITO] ✅  Parse exitoso (completo) de C:\Users\Samuel\VSC_Proyects\uq-biblio-pipeline\src\datos\bib\crudos\ScienceDirect_citations_1758840466656.bib con 100 entradas.
2025-09-25 17:52:00 - INFO - ℹ️  Duplicado detectado para recurso=doi:https://doi.org/10.1016/j.jpi.2025.100440
2025-09-25 17:52:00 - INFO - ℹ️  Duplicado detectado para recurso=doi:https://doi.org/10.1016/s0895-4356(25)00075-7
2025-09-25 17:52:00 - INFO - ℹ️  Duplicado detectado para recurso=doi:https://doi.org/10.1016/j.ijme.2025.101247
2025-09-25 17:52:00 - INFO - ℹ️  Procesando archivo: C:\Users\Samuel\VSC_Proyects\uq-biblio-pipeline\src\datos\bib\crudos\ScienceDirect_citations_1758840483253.bib
2025-09-25 17:52:00 - INFO - ℹ️  Iniciando carga segura de BibTeX: C:\Users\Samuel\VSC_Proyects\uq-biblio-pipeline\src\datos\bib\crudos\ScienceDirect_citations_1758840483253.bib
2025-09-25 17:52:00 - INFO - ℹ️  Limpieza de keywords iniciada en: C:\Users\Samuel\VSC_Proyects\uq-biblio-pipeline\src\datos\bib\crudos\ScienceDirect_citations_1758840483253.bib
2025-09-25 17:52:00 - INFO - [EXITO] ✅  Limpieza de keywords completada: C:\Users\Samuel\VSC_Proyects\uq-biblio-pipeline\src\datos\bib\crudos\ScienceDirect_citations_1758840483253.bib
2025-09-25 17:52:00 - WARNING - ⚠️  Clave duplicada detectada en C:\Users\Samuel\VSC_Proyects\uq-biblio-pipeline\src\datos\bib\crudos\ScienceDirect_citations_1758840483253.bib: LI2024 → renombrada como LI2024_2
2025-09-25 17:52:00 - WARNING - ⚠️  Clave duplicada detectada en C:\Users\Samuel\VSC_Proyects\uq-biblio-pipeline\src\datos\bib\crudos\ScienceDirect_citations_1758840483253.bib: 2024A3 → renombrada como 2024A3_2
2025-09-25 17:52:00 - WARNING - ⚠️  Clave duplicada detectada en C:\Users\Samuel\VSC_Proyects\uq-biblio-pipeline\src\datos\bib\crudos\ScienceDirect_citations_1758840483253.bib: DUBINSKY2025S-856 → renombrada como DUBINSKY2025S-856_2
2025-09-25 17:52:00 - INFO - [EXITO] ✅  Parse exitoso (completo) de C:\Users\Samuel\VSC_Proyects\uq-biblio-pipeline\src\datos\bib\crudos\ScienceDirect_citations_1758840483253.bib con 100 entradas.
2025-09-25 17:52:00 - INFO - ℹ️  Procesando archivo: C:\Users\Samuel\VSC_Proyects\uq-biblio-pipeline\src\datos\bib\crudos\ScienceDirect_citations_1758840500073.bib
2025-09-25 17:52:00 - INFO - ℹ️  Iniciando carga segura de BibTeX: C:\Users\Samuel\VSC_Proyects\uq-biblio-pipeline\src\datos\bib\crudos\ScienceDirect_citations_1758840500073.bib
2025-09-25 17:52:00 - INFO - ℹ️  Limpieza de keywords iniciada en: C:\Users\Samuel\VSC_Proyects\uq-biblio-pipeline\src\datos\bib\crudos\ScienceDirect_citations_1758840500073.bib
2025-09-25 17:52:00 - INFO - [EXITO] ✅  Limpieza de keywords completada: C:\Users\Samuel\VSC_Proyects\uq-biblio-pipeline\src\datos\bib\crudos\ScienceDirect_citations_1758840500073.bib
2025-09-25 17:52:00 - INFO - [EXITO] ✅  Parse exitoso (completo) de C:\Users\Samuel\VSC_Proyects\uq-biblio-pipeline\src\datos\bib\crudos\ScienceDirect_citations_1758840500073.bib con 100 entradas.
2025-09-25 17:52:00 - INFO - ℹ️  Procesando archivo: C:\Users\Samuel\VSC_Proyects\uq-biblio-pipeline\src\datos\bib\crudos\ScienceDirect_citations_1758840516589.bib
2025-09-25 17:52:00 - INFO - ℹ️  Iniciando carga segura de BibTeX: C:\Users\Samuel\VSC_Proyects\uq-biblio-pipeline\src\datos\bib\crudos\ScienceDirect_citations_1758840516589.bib
2025-09-25 17:52:00 - INFO - ℹ️  Limpieza de keywords iniciada en: C:\Users\Samuel\VSC_Proyects\uq-biblio-pipeline\src\datos\bib\crudos\ScienceDirect_citations_1758840516589.bib
2025-09-25 17:52:00 - INFO - [EXITO] ✅  Limpieza de keywords completada: C:\Users\Samuel\VSC_Proyects\uq-biblio-pipeline\src\datos\bib\crudos\ScienceDirect_citations_1758840516589.bib
2025-09-25 17:52:00 - INFO - [EXITO] ✅  Parse exitoso (completo) de C:\Users\Samuel\VSC_Proyects\uq-biblio-pipeline\src\datos\bib\crudos\ScienceDirect_citations_1758840516589.bib con 100 entradas.
2025-09-25 17:52:00 - INFO - ℹ️  Duplicado detectado para recurso=doi:https://doi.org/10.1016/j.radi.2023.06.012
2025-09-25 17:52:00 - INFO - ℹ️  Duplicado detectado para recurso=doi:https://doi.org/10.1016/j.epsc.2024.102787
2025-09-25 17:52:00 - INFO - ℹ️  Duplicado detectado para recurso=doi:https://doi.org/10.1016/s0140-6736(23)01668-9
2025-09-25 17:52:00 - INFO - ℹ️  Procesando archivo: C:\Users\Samuel\VSC_Proyects\uq-biblio-pipeline\src\datos\bib\crudos\ScienceDirect_citations_1758840532967.bib
2025-09-25 17:52:00 - INFO - ℹ️  Iniciando carga segura de BibTeX: C:\Users\Samuel\VSC_Proyects\uq-biblio-pipeline\src\datos\bib\crudos\ScienceDirect_citations_1758840532967.bib
2025-09-25 17:52:00 - INFO - ℹ️  Limpieza de keywords iniciada en: C:\Users\Samuel\VSC_Proyects\uq-biblio-pipeline\src\datos\bib\crudos\ScienceDirect_citations_1758840532967.bib
2025-09-25 17:52:00 - INFO - [EXITO] ✅  Limpieza de keywords completada: C:\Users\Samuel\VSC_Proyects\uq-biblio-pipeline\src\datos\bib\crudos\ScienceDirect_citations_1758840532967.bib
2025-09-25 17:52:01 - INFO - [EXITO] ✅  Parse exitoso (completo) de C:\Users\Samuel\VSC_Proyects\uq-biblio-pipeline\src\datos\bib\crudos\ScienceDirect_citations_1758840532967.bib con 100 entradas.
2025-09-25 17:52:01 - INFO - ℹ️  Procesando archivo: C:\Users\Samuel\VSC_Proyects\uq-biblio-pipeline\src\datos\bib\crudos\ScienceDirect_citations_1758840549559.bib
2025-09-25 17:52:01 - INFO - ℹ️  Iniciando carga segura de BibTeX: C:\Users\Samuel\VSC_Proyects\uq-biblio-pipeline\src\datos\bib\crudos\ScienceDirect_citations_1758840549559.bib
2025-09-25 17:52:01 - INFO - ℹ️  Limpieza de keywords iniciada en: C:\Users\Samuel\VSC_Proyects\uq-biblio-pipeline\src\datos\bib\crudos\ScienceDirect_citations_1758840549559.bib
2025-09-25 17:52:01 - INFO - [EXITO] ✅  Limpieza de keywords completada: C:\Users\Samuel\VSC_Proyects\uq-biblio-pipeline\src\datos\bib\crudos\ScienceDirect_citations_1758840549559.bib
2025-09-25 17:52:01 - WARNING - ⚠️  Clave duplicada detectada en C:\Users\Samuel\VSC_Proyects\uq-biblio-pipeline\src\datos\bib\crudos\ScienceDirect_citations_1758840549559.bib: 2023A3 → renombrada como 2023A3_2
2025-09-25 17:52:01 - INFO - [EXITO] ✅  Parse exitoso (completo) de C:\Users\Samuel\VSC_Proyects\uq-biblio-pipeline\src\datos\bib\crudos\ScienceDirect_citations_1758840549559.bib con 100 entradas.
2025-09-25 17:52:01 - INFO - ℹ️  Procesando archivo: C:\Users\Samuel\VSC_Proyects\uq-biblio-pipeline\src\datos\bib\crudos\ScienceDirect_citations_1758840566160.bib
2025-09-25 17:52:01 - INFO - ℹ️  Iniciando carga segura de BibTeX: C:\Users\Samuel\VSC_Proyects\uq-biblio-pipeline\src\datos\bib\crudos\ScienceDirect_citations_1758840566160.bib
2025-09-25 17:52:01 - INFO - ℹ️  Limpieza de keywords iniciada en: C:\Users\Samuel\VSC_Proyects\uq-biblio-pipeline\src\datos\bib\crudos\ScienceDirect_citations_1758840566160.bib
2025-09-25 17:52:01 - INFO - [EXITO] ✅  Limpieza de keywords completada: C:\Users\Samuel\VSC_Proyects\uq-biblio-pipeline\src\datos\bib\crudos\ScienceDirect_citations_1758840566160.bib
2025-09-25 17:52:01 - INFO - [EXITO] ✅  Parse exitoso (completo) de C:\Users\Samuel\VSC_Proyects\uq-biblio-pipeline\src\datos\bib\crudos\ScienceDirect_citations_1758840566160.bib con 100 entradas.
2025-09-25 17:52:01 - INFO - ℹ️  Duplicado detectado para recurso=doi:https://doi.org/10.1016/j.jvoice.2024.01.016
2025-09-25 17:52:01 - INFO - ℹ️  Duplicado detectado para recurso=doi:https://doi.org/10.1016/j.rineng.2025.106071
2025-09-25 17:52:01 - INFO - ℹ️  Duplicado detectado para recurso=doi:https://doi.org/10.1016/j.surge.2025.07.001
2025-09-25 17:52:01 - INFO - ℹ️  Procesando archivo: C:\Users\Samuel\VSC_Proyects\uq-biblio-pipeline\src\datos\bib\crudos\ScienceDirect_citations_1758840582698.bib
2025-09-25 17:52:01 - INFO - ℹ️  Iniciando carga segura de BibTeX: C:\Users\Samuel\VSC_Proyects\uq-biblio-pipeline\src\datos\bib\crudos\ScienceDirect_citations_1758840582698.bib
2025-09-25 17:52:01 - INFO - ℹ️  Limpieza de keywords iniciada en: C:\Users\Samuel\VSC_Proyects\uq-biblio-pipeline\src\datos\bib\crudos\ScienceDirect_citations_1758840582698.bib
2025-09-25 17:52:01 - INFO - [EXITO] ✅  Limpieza de keywords completada: C:\Users\Samuel\VSC_Proyects\uq-biblio-pipeline\src\datos\bib\crudos\ScienceDirect_citations_1758840582698.bib
2025-09-25 17:52:01 - INFO - [EXITO] ✅  Parse exitoso (completo) de C:\Users\Samuel\VSC_Proyects\uq-biblio-pipeline\src\datos\bib\crudos\ScienceDirect_citations_1758840582698.bib con 100 entradas.
2025-09-25 17:52:01 - INFO - ℹ️  Procesando archivo: C:\Users\Samuel\VSC_Proyects\uq-biblio-pipeline\src\datos\bib\crudos\ScienceDirect_citations_1758840599197.bib
2025-09-25 17:52:01 - INFO - ℹ️  Iniciando carga segura de BibTeX: C:\Users\Samuel\VSC_Proyects\uq-biblio-pipeline\src\datos\bib\crudos\ScienceDirect_citations_1758840599197.bib
2025-09-25 17:52:01 - INFO - ℹ️  Limpieza de keywords iniciada en: C:\Users\Samuel\VSC_Proyects\uq-biblio-pipeline\src\datos\bib\crudos\ScienceDirect_citations_1758840599197.bib
2025-09-25 17:52:01 - INFO - [EXITO] ✅  Limpieza de keywords completada: C:\Users\Samuel\VSC_Proyects\uq-biblio-pipeline\src\datos\bib\crudos\ScienceDirect_citations_1758840599197.bib
2025-09-25 17:52:01 - INFO - [EXITO] ✅  Parse exitoso (completo) de C:\Users\Samuel\VSC_Proyects\uq-biblio-pipeline\src\datos\bib\crudos\ScienceDirect_citations_1758840599197.bib con 100 entradas.
2025-09-25 17:52:01 - INFO - ℹ️  Duplicado detectado para recurso=doi:https://doi.org/10.1016/j.eswa.2025.128957
2025-09-25 17:52:01 - INFO - ℹ️  Duplicado detectado para recurso=doi:https://doi.org/10.1016/j.eujim.2025.102519
2025-09-25 17:52:01 - INFO - ℹ️  Duplicado detectado para recurso=doi:https://doi.org/10.1016/j.applanim.2023.106112
2025-09-25 17:52:01 - INFO - ℹ️  Duplicado detectado para recurso=doi:https://doi.org/10.1016/j.brainresbull.2023.110797
2025-09-25 17:52:01 - INFO - ℹ️  Procesando archivo: C:\Users\Samuel\VSC_Proyects\uq-biblio-pipeline\src\datos\bib\crudos\ScienceDirect_citations_1758840615823.bib
2025-09-25 17:52:01 - INFO - ℹ️  Iniciando carga segura de BibTeX: C:\Users\Samuel\VSC_Proyects\uq-biblio-pipeline\src\datos\bib\crudos\ScienceDirect_citations_1758840615823.bib
2025-09-25 17:52:01 - INFO - ℹ️  Limpieza de keywords iniciada en: C:\Users\Samuel\VSC_Proyects\uq-biblio-pipeline\src\datos\bib\crudos\ScienceDirect_citations_1758840615823.bib
2025-09-25 17:52:01 - INFO - [EXITO] ✅  Limpieza de keywords completada: C:\Users\Samuel\VSC_Proyects\uq-biblio-pipeline\src\datos\bib\crudos\ScienceDirect_citations_1758840615823.bib
2025-09-25 17:52:01 - INFO - [EXITO] ✅  Parse exitoso (completo) de C:\Users\Samuel\VSC_Proyects\uq-biblio-pipeline\src\datos\bib\crudos\ScienceDirect_citations_1758840615823.bib con 100 entradas.
2025-09-25 17:52:01 - INFO - ℹ️  Procesando archivo: C:\Users\Samuel\VSC_Proyects\uq-biblio-pipeline\src\datos\bib\crudos\ScienceDirect_citations_1758840632205.bib
2025-09-25 17:52:01 - INFO - ℹ️  Iniciando carga segura de BibTeX: C:\Users\Samuel\VSC_Proyects\uq-biblio-pipeline\src\datos\bib\crudos\ScienceDirect_citations_1758840632205.bib
2025-09-25 17:52:01 - INFO - ℹ️  Limpieza de keywords iniciada en: C:\Users\Samuel\VSC_Proyects\uq-biblio-pipeline\src\datos\bib\crudos\ScienceDirect_citations_1758840632205.bib
2025-09-25 17:52:01 - INFO - [EXITO] ✅  Limpieza de keywords completada: C:\Users\Samuel\VSC_Proyects\uq-biblio-pipeline\src\datos\bib\crudos\ScienceDirect_citations_1758840632205.bib
2025-09-25 17:52:01 - INFO - [EXITO] ✅  Parse exitoso (completo) de C:\Users\Samuel\VSC_Proyects\uq-biblio-pipeline\src\datos\bib\crudos\ScienceDirect_citations_1758840632205.bib con 100 entradas.
2025-09-25 17:52:01 - INFO - ℹ️  Duplicado detectado para recurso=doi:https://doi.org/10.1016/j.infoandorg.2025.100558
2025-09-25 17:52:01 - INFO - ℹ️  Duplicado detectado para recurso=doi:https://doi.org/10.1016/j.jadr.2025.100955
2025-09-25 17:52:01 - INFO - ℹ️  Duplicado detectado para recurso=doi:https://doi.org/10.1016/j.cep.2025.110218
2025-09-25 17:52:01 - INFO - ℹ️  Procesando archivo: C:\Users\Samuel\VSC_Proyects\uq-biblio-pipeline\src\datos\bib\crudos\ScienceDirect_citations_1758840648737.bib
2025-09-25 17:52:01 - INFO - ℹ️  Iniciando carga segura de BibTeX: C:\Users\Samuel\VSC_Proyects\uq-biblio-pipeline\src\datos\bib\crudos\ScienceDirect_citations_1758840648737.bib
2025-09-25 17:52:01 - INFO - ℹ️  Limpieza de keywords iniciada en: C:\Users\Samuel\VSC_Proyects\uq-biblio-pipeline\src\datos\bib\crudos\ScienceDirect_citations_1758840648737.bib
2025-09-25 17:52:01 - INFO - [EXITO] ✅  Limpieza de keywords completada: C:\Users\Samuel\VSC_Proyects\uq-biblio-pipeline\src\datos\bib\crudos\ScienceDirect_citations_1758840648737.bib
2025-09-25 17:52:01 - INFO - [EXITO] ✅  Parse exitoso (completo) de C:\Users\Samuel\VSC_Proyects\uq-biblio-pipeline\src\datos\bib\crudos\ScienceDirect_citations_1758840648737.bib con 100 entradas.
2025-09-25 17:52:02 - INFO - ℹ️  Duplicado detectado para recurso=doi:https://doi.org/10.1016/j.system.2025.103690
2025-09-25 17:52:02 - INFO - ℹ️  Duplicado detectado para recurso=doi:https://doi.org/10.2196/50088
2025-09-25 17:52:02 - INFO - ℹ️  Procesando archivo: C:\Users\Samuel\VSC_Proyects\uq-biblio-pipeline\src\datos\bib\crudos\ScienceDirect_citations_1758840665389.bib
2025-09-25 17:52:02 - INFO - ℹ️  Iniciando carga segura de BibTeX: C:\Users\Samuel\VSC_Proyects\uq-biblio-pipeline\src\datos\bib\crudos\ScienceDirect_citations_1758840665389.bib
2025-09-25 17:52:02 - INFO - ℹ️  Limpieza de keywords iniciada en: C:\Users\Samuel\VSC_Proyects\uq-biblio-pipeline\src\datos\bib\crudos\ScienceDirect_citations_1758840665389.bib
2025-09-25 17:52:02 - INFO - [EXITO] ✅  Limpieza de keywords completada: C:\Users\Samuel\VSC_Proyects\uq-biblio-pipeline\src\datos\bib\crudos\ScienceDirect_citations_1758840665389.bib
2025-09-25 17:52:02 - INFO - [EXITO] ✅  Parse exitoso (completo) de C:\Users\Samuel\VSC_Proyects\uq-biblio-pipeline\src\datos\bib\crudos\ScienceDirect_citations_1758840665389.bib con 100 entradas.
2025-09-25 17:52:02 - INFO - ℹ️  Procesando archivo: C:\Users\Samuel\VSC_Proyects\uq-biblio-pipeline\src\datos\bib\crudos\ScienceDirect_citations_1758840681861.bib
2025-09-25 17:52:02 - INFO - ℹ️  Iniciando carga segura de BibTeX: C:\Users\Samuel\VSC_Proyects\uq-biblio-pipeline\src\datos\bib\crudos\ScienceDirect_citations_1758840681861.bib
2025-09-25 17:52:02 - INFO - ℹ️  Limpieza de keywords iniciada en: C:\Users\Samuel\VSC_Proyects\uq-biblio-pipeline\src\datos\bib\crudos\ScienceDirect_citations_1758840681861.bib
2025-09-25 17:52:02 - INFO - [EXITO] ✅  Limpieza de keywords completada: C:\Users\Samuel\VSC_Proyects\uq-biblio-pipeline\src\datos\bib\crudos\ScienceDirect_citations_1758840681861.bib
2025-09-25 17:52:02 - INFO - [EXITO] ✅  Parse exitoso (completo) de C:\Users\Samuel\VSC_Proyects\uq-biblio-pipeline\src\datos\bib\crudos\ScienceDirect_citations_1758840681861.bib con 100 entradas.
2025-09-25 17:52:02 - INFO - ℹ️  Duplicado detectado para recurso=doi:https://doi.org/10.1016/j.placenta.2024.05.126
2025-09-25 17:52:02 - INFO - ℹ️  Duplicado detectado para recurso=doi:https://doi.org/10.1016/j.xjidi.2024.100328
2025-09-25 17:52:02 - INFO - ℹ️  Duplicado detectado para recurso=doi:https://doi.org/10.1016/j.jinf.2024.106173
2025-09-25 17:52:02 - INFO - ℹ️  Procesando archivo: C:\Users\Samuel\VSC_Proyects\uq-biblio-pipeline\src\datos\bib\crudos\ScienceDirect_citations_1758840698157.bib
2025-09-25 17:52:02 - INFO - ℹ️  Iniciando carga segura de BibTeX: C:\Users\Samuel\VSC_Proyects\uq-biblio-pipeline\src\datos\bib\crudos\ScienceDirect_citations_1758840698157.bib
2025-09-25 17:52:02 - INFO - ℹ️  Limpieza de keywords iniciada en: C:\Users\Samuel\VSC_Proyects\uq-biblio-pipeline\src\datos\bib\crudos\ScienceDirect_citations_1758840698157.bib
2025-09-25 17:52:02 - INFO - [EXITO] ✅  Limpieza de keywords completada: C:\Users\Samuel\VSC_Proyects\uq-biblio-pipeline\src\datos\bib\crudos\ScienceDirect_citations_1758840698157.bib
2025-09-25 17:52:02 - INFO - [EXITO] ✅  Parse exitoso (completo) de C:\Users\Samuel\VSC_Proyects\uq-biblio-pipeline\src\datos\bib\crudos\ScienceDirect_citations_1758840698157.bib con 100 entradas.
2025-09-25 17:52:02 - INFO - ℹ️  Duplicado detectado para recurso=doi:https://doi.org/10.1016/j.pacs.2025.100687
2025-09-25 17:52:02 - INFO - ℹ️  Duplicado detectado para recurso=doi:https://doi.org/10.1016/j.cities.2025.106137
2025-09-25 17:52:02 - INFO - ℹ️  Duplicado detectado para recurso=doi:https://doi.org/10.2196/54633
2025-09-25 17:52:02 - INFO - ℹ️  Duplicado detectado para recurso=doi:https://doi.org/10.1108/ijlls-11-2024-0273
2025-09-25 17:52:02 - INFO - ℹ️  Duplicado detectado para recurso=doi:https://doi.org/10.1016/j.cellimm.2024.104861
2025-09-25 17:52:14 - INFO - [EXITO] ✅  Archivo consolidado generado: C:\Users\Samuel\VSC_Proyects\uq-biblio-pipeline\src\datos\bib\consolidado.bib (4246 entradas)
2025-09-25 17:52:14 - WARNING - ⚠️  Archivo de corruptos generado: C:\Users\Samuel\VSC_Proyects\uq-biblio-pipeline\src\datos\bib\corruptos.bib (15 entradas)
2025-09-25 17:52:15 - INFO - ℹ️  Archivo de duplicados generado: C:\Users\Samuel\VSC_Proyects\uq-biblio-pipeline\src\datos\bib\duplicados.bib (39 entradas)
2025-09-25 17:52:15 - INFO - [EXITO] ✅  Proceso de deduplicación finalizado correctamente.
2025-09-25 17:52:15 - INFO - [EXITO] ✅  Pipeline completado con éxito 🚀
2025-09-25 17:52:15 - INFO - ℹ️  Iniciando análisis de algoritmos de ordenamiento de artículos...
2025-09-25 17:52:15 - INFO - ℹ️  Cargando archivo BibTeX: C:\Users\Samuel\VSC_Proyects\uq-biblio-pipeline\src\datos\bib\consolidado.bib
2025-09-25 17:52:17 - INFO - [EXITO] ✅  Se cargaron 4246 productos académicos para el análisis.
2025-09-25 17:52:17 - INFO - ℹ️  Iniciando ejecución de TimSort con 4246 elementos...
2025-09-25 17:52:17 - INFO - [EXITO] ✅  TimSort completado en 0.005067 segundos.
2025-09-25 17:52:17 - INFO - ℹ️  Iniciando ejecución de Comb Sort con 4246 elementos...
2025-09-25 17:52:17 - INFO - [EXITO] ✅  Comb Sort completado en 0.166139 segundos.
2025-09-25 17:52:17 - INFO - ℹ️  Iniciando ejecución de Selection Sort con 4246 elementos...
2025-09-25 17:52:25 - INFO - [EXITO] ✅  Selection Sort completado en 8.389634 segundos.
2025-09-25 17:52:25 - INFO - ℹ️  Iniciando ejecución de Tree Sort con 4246 elementos...
2025-09-25 17:52:25 - INFO - [EXITO] ✅  Tree Sort completado en 0.059264 segundos.
2025-09-25 17:52:25 - INFO - ℹ️  Iniciando ejecución de Pigeonhole Sort con 4246 elementos...
2025-09-25 17:52:25 - WARNING - ⚠️  Pigeonhole Sort usará clave numérica (hash) para el ordenamiento.
2025-09-25 17:52:25 - INFO - [EXITO] ✅  Pigeonhole Sort completado en 0.006814 segundos.
2025-09-25 17:52:25 - INFO - ℹ️  Iniciando ejecución de BucketSort con 4246 elementos...
2025-09-25 17:52:25 - WARNING - ⚠️  BucketSort usará clave numérica (hash) para el ordenamiento.
2025-09-25 17:52:25 - INFO - [EXITO] ✅  BucketSort completado en 0.012410 segundos.
2025-09-25 17:52:25 - INFO - ℹ️  Iniciando ejecución de QuickSort con 4246 elementos...
2025-09-25 17:52:25 - INFO - [EXITO] ✅  QuickSort completado en 0.107175 segundos.
2025-09-25 17:52:25 - INFO - ℹ️  Iniciando ejecución de HeapSort con 4246 elementos...
2025-09-25 17:52:26 - INFO - [EXITO] ✅  HeapSort completado en 0.092724 segundos.
2025-09-25 17:52:26 - INFO - ℹ️  Iniciando ejecución de Bitonic Sort con 4246 elementos...
2025-09-25 17:52:26 - WARNING - ⚠️  Bitonic Sort usará clave numérica (hash) para el ordenamiento.
2025-09-25 17:52:26 - INFO - [EXITO] ✅  Bitonic Sort completado en 0.192571 segundos.
2025-09-25 17:52:26 - INFO - ℹ️  Iniciando ejecución de Gnome Sort con 4246 elementos...
2025-09-25 17:52:35 - INFO - [EXITO] ✅  Gnome Sort completado en 9.202502 segundos.
2025-09-25 17:52:35 - INFO - ℹ️  Iniciando ejecución de Binary Insertion Sort con 4246 elementos...
2025-09-25 17:52:35 - INFO - [EXITO] ✅  Binary Insertion Sort completado en 0.199453 segundos.
2025-09-25 17:52:35 - INFO - ℹ️  Iniciando ejecución de RadixSort con 4246 elementos...
2025-09-25 17:52:35 - WARNING - ⚠️  RadixSort usará clave numérica (hash) para el ordenamiento.
2025-09-25 17:52:35 - INFO - [EXITO] ✅  RadixSort completado en 0.168573 segundos.
2025-09-25 17:52:35 - INFO - [EXITO] ✅  Resultados exportados a CSV: src/datos/sorters_analisis/algoritmos.csv
2025-09-25 17:52:37 - INFO - [EXITO] ✅  Diagrama de barras generado: src/datos/sorters_analisis/algoritmos.png
2025-09-25 17:52:37 - INFO - [EXITO] ✅  Análisis de algoritmos de ordenamiento finalizado.
2025-09-25 17:52:37 - INFO - [EXITO] ✅  Analisis de algorítmos de ordenamiento de artículos completado con éxito 🚀
