2025-09-23 00:39:02 - INFO - ℹ️  Iniciando proceso de descarga de artículos...
2025-09-23 00:39:02 - INFO - [EXITO] ✅  Pipeline completado con éxito 🚀
2025-09-23 00:39:02 - INFO - ℹ️  Iniciando análisis de algoritmos de ordenamiento de artículos...
2025-09-23 00:39:02 - INFO - ℹ️  Cargando archivo BibTeX: C:\Users\Samuel\VSC_Proyects\uq-biblio-pipeline\src\datos\bib\consolidado.bib
2025-09-23 00:39:03 - INFO - [EXITO] ✅  Se cargaron 3444 productos académicos para el análisis.
2025-09-23 00:39:03 - INFO - ℹ️  Iniciando ejecución de TimSort con 3444 elementos...
2025-09-23 00:39:03 - INFO - [EXITO] ✅  TimSort completado en 0.003612 segundos.
2025-09-23 00:39:03 - INFO - ℹ️  Iniciando ejecución de Comb Sort con 3444 elementos...
2025-09-23 00:39:03 - INFO - [EXITO] ✅  Comb Sort completado en 0.110845 segundos.
2025-09-23 00:39:03 - INFO - ℹ️  Iniciando ejecución de Selection Sort con 3444 elementos...
2025-09-23 00:39:07 - INFO - [EXITO] ✅  Selection Sort completado en 3.983941 segundos.
2025-09-23 00:39:07 - INFO - ℹ️  Iniciando ejecución de Tree Sort con 3444 elementos...
2025-09-23 00:39:07 - INFO - [EXITO] ✅  Tree Sort completado en 0.039057 segundos.
2025-09-23 00:39:07 - INFO - ℹ️  Iniciando ejecución de Pigeonhole Sort con 3444 elementos...
2025-09-23 00:39:07 - WARNING - ⚠️  Pigeonhole Sort usará clave numérica (hash) para el ordenamiento.
2025-09-23 00:39:07 - INFO - [EXITO] ✅  Pigeonhole Sort completado en 0.006607 segundos.
2025-09-23 00:39:07 - INFO - ℹ️  Iniciando ejecución de BucketSort con 3444 elementos...
2025-09-23 00:39:07 - WARNING - ⚠️  BucketSort usará clave numérica (hash) para el ordenamiento.
2025-09-23 00:39:07 - INFO - [EXITO] ✅  BucketSort completado en 0.007302 segundos.
2025-09-23 00:39:07 - INFO - ℹ️  Iniciando ejecución de QuickSort con 3444 elementos...
2025-09-23 00:39:07 - INFO - [EXITO] ✅  QuickSort completado en 0.060956 segundos.
2025-09-23 00:39:07 - INFO - ℹ️  Iniciando ejecución de HeapSort con 3444 elementos...
2025-09-23 00:39:07 - INFO - [EXITO] ✅  HeapSort completado en 0.072780 segundos.
2025-09-23 00:39:07 - INFO - ℹ️  Iniciando ejecución de Bitonic Sort con 3444 elementos...
2025-09-23 00:39:07 - WARNING - ⚠️  Bitonic Sort usará clave numérica (hash) para el ordenamiento.
2025-09-23 00:39:07 - INFO - [EXITO] ✅  Bitonic Sort completado en 0.117005 segundos.
2025-09-23 00:39:07 - INFO - ℹ️  Iniciando ejecución de Gnome Sort con 3444 elementos...
2025-09-23 00:39:12 - INFO - [EXITO] ✅  Gnome Sort completado en 4.703249 segundos.
2025-09-23 00:39:12 - INFO - ℹ️  Iniciando ejecución de Binary Insertion Sort con 3444 elementos...
2025-09-23 00:39:12 - INFO - [EXITO] ✅  Binary Insertion Sort completado en 0.117418 segundos.
2025-09-23 00:39:12 - INFO - ℹ️  Iniciando ejecución de RadixSort con 3444 elementos...
2025-09-23 00:39:12 - WARNING - ⚠️  RadixSort usará clave numérica (hash) para el ordenamiento.
2025-09-23 00:39:12 - INFO - [EXITO] ✅  RadixSort completado en 0.103328 segundos.
2025-09-23 00:39:12 - INFO - [EXITO] ✅  Resultados exportados a CSV: src/datos/sorters_analisis/algoritmos.csv
2025-09-23 00:39:13 - INFO - [EXITO] ✅  Diagrama de barras generado: src/datos/sorters_analisis/algoritmos.png
2025-09-23 00:39:13 - INFO - [EXITO] ✅  Análisis de algoritmos de ordenamiento finalizado.
2025-09-23 00:39:13 - INFO - [EXITO] ✅  Analisis de algorítmos de ordenamiento de artículos completado con éxito 🚀
