2025-09-23 00:37:38 - INFO - ℹ️  Iniciando proceso de descarga de artículos...
2025-09-23 00:37:38 - INFO - [EXITO] ✅  Pipeline completado con éxito 🚀
2025-09-23 00:37:38 - INFO - ℹ️  Iniciando análisis de algoritmos de ordenamiento de artículos...
2025-09-23 00:37:38 - INFO - ℹ️  Cargando archivo BibTeX: C:\Users\Samuel\VSC_Proyects\uq-biblio-pipeline\src\datos\bib\consolidado.bib
2025-09-23 00:37:39 - INFO - [EXITO] ✅  Se cargaron 3444 productos académicos para el análisis.
2025-09-23 00:37:39 - INFO - ℹ️  Iniciando ejecución de TimSort con 3444 elementos...
2025-09-23 00:37:39 - INFO - [EXITO] ✅  TimSort completado en 0.002893 segundos.
2025-09-23 00:37:39 - INFO - ℹ️  Iniciando ejecución de Comb Sort con 3444 elementos...
2025-09-23 00:37:39 - INFO - [EXITO] ✅  Comb Sort completado en 0.139625 segundos.
2025-09-23 00:37:39 - INFO - ℹ️  Iniciando ejecución de Selection Sort con 3444 elementos...
2025-09-23 00:37:43 - INFO - [EXITO] ✅  Selection Sort completado en 3.984982 segundos.
2025-09-23 00:37:43 - INFO - ℹ️  Iniciando ejecución de Tree Sort con 3444 elementos...
2025-09-23 00:37:43 - INFO - [EXITO] ✅  Tree Sort completado en 0.039166 segundos.
2025-09-23 00:37:43 - INFO - ℹ️  Iniciando ejecución de Pigeonhole Sort con 3444 elementos...
2025-09-23 00:37:43 - WARNING - ⚠️  Pigeonhole Sort usará clave numérica (hash) para el ordenamiento.
2025-09-23 00:37:43 - INFO - [EXITO] ✅  Pigeonhole Sort completado en 0.004016 segundos.
2025-09-23 00:37:43 - INFO - ℹ️  Iniciando ejecución de BucketSort con 3444 elementos...
2025-09-23 00:37:43 - WARNING - ⚠️  BucketSort usará clave numérica (hash) para el ordenamiento.
2025-09-23 00:37:43 - WARNING - ⚠️  BucketSort falló durante la ejecución: list index out of range. Reintentando...
2025-09-23 00:37:43 - WARNING - ⚠️  BucketSort usará clave numérica (hash) para el ordenamiento.
2025-09-23 00:37:43 - WARNING - ⚠️  BucketSort falló durante la ejecución: list index out of range. Reintentando...
2025-09-23 00:37:43 - WARNING - ⚠️  BucketSort usará clave numérica (hash) para el ordenamiento.
2025-09-23 00:37:43 - WARNING - ⚠️  BucketSort falló durante la ejecución: list index out of range. Reintentando...
2025-09-23 00:37:43 - WARNING - ⚠️  BucketSort usará clave numérica (hash) para el ordenamiento.
2025-09-23 00:37:43 - WARNING - ⚠️  BucketSort falló durante la ejecución: list index out of range. Reintentando...
2025-09-23 00:37:43 - WARNING - ⚠️  BucketSort usará clave numérica (hash) para el ordenamiento.
2025-09-23 00:37:43 - WARNING - ⚠️  BucketSort falló durante la ejecución: list index out of range. Reintentando...
2025-09-23 00:37:43 - WARNING - ⚠️  BucketSort usará clave numérica (hash) para el ordenamiento.
2025-09-23 00:37:43 - WARNING - ⚠️  BucketSort falló durante la ejecución: list index out of range. Reintentando...
2025-09-23 00:37:43 - WARNING - ⚠️  BucketSort usará clave numérica (hash) para el ordenamiento.
2025-09-23 00:37:43 - WARNING - ⚠️  BucketSort falló durante la ejecución: list index out of range. Reintentando...
2025-09-23 00:37:43 - WARNING - ⚠️  BucketSort usará clave numérica (hash) para el ordenamiento.
2025-09-23 00:37:43 - WARNING - ⚠️  BucketSort falló durante la ejecución: list index out of range. Reintentando...
2025-09-23 00:37:43 - WARNING - ⚠️  BucketSort usará clave numérica (hash) para el ordenamiento.
2025-09-23 00:37:43 - WARNING - ⚠️  BucketSort falló durante la ejecución: list index out of range. Reintentando...
2025-09-23 00:37:43 - WARNING - ⚠️  BucketSort usará clave numérica (hash) para el ordenamiento.
2025-09-23 00:37:43 - WARNING - ⚠️  BucketSort falló durante la ejecución: list index out of range. Reintentando...
2025-09-23 00:37:43 - INFO - ℹ️  Iniciando ejecución de QuickSort con 3444 elementos...
2025-09-23 00:37:43 - INFO - [EXITO] ✅  QuickSort completado en 0.053964 segundos.
2025-09-23 00:37:43 - INFO - ℹ️  Iniciando ejecución de HeapSort con 3444 elementos...
2025-09-23 00:37:43 - INFO - [EXITO] ✅  HeapSort completado en 0.061191 segundos.
2025-09-23 00:37:43 - INFO - ℹ️  Iniciando ejecución de Bitonic Sort con 3444 elementos...
2025-09-23 00:37:43 - WARNING - ⚠️  Bitonic Sort usará clave numérica (hash) para el ordenamiento.
2025-09-23 00:37:43 - INFO - [EXITO] ✅  Bitonic Sort completado en 0.109184 segundos.
2025-09-23 00:37:43 - INFO - ℹ️  Iniciando ejecución de Gnome Sort con 3444 elementos...
2025-09-23 00:37:48 - INFO - [EXITO] ✅  Gnome Sort completado en 4.850158 segundos.
2025-09-23 00:37:48 - INFO - ℹ️  Iniciando ejecución de Binary Insertion Sort con 3444 elementos...
2025-09-23 00:37:48 - INFO - [EXITO] ✅  Binary Insertion Sort completado en 0.117646 segundos.
2025-09-23 00:37:48 - INFO - ℹ️  Iniciando ejecución de RadixSort con 3444 elementos...
2025-09-23 00:37:48 - WARNING - ⚠️  RadixSort usará clave numérica (hash) para el ordenamiento.
2025-09-23 00:37:49 - INFO - [EXITO] ✅  RadixSort completado en 0.120182 segundos.
2025-09-23 00:37:49 - INFO - [EXITO] ✅  Resultados exportados a CSV: src/datos/sorters_analisis/algoritmos.csv
2025-09-23 00:37:49 - INFO - [EXITO] ✅  Diagrama de barras generado: src/datos/sorters_analisis/algoritmos.png
2025-09-23 00:37:49 - INFO - [EXITO] ✅  Análisis de algoritmos de ordenamiento finalizado.
2025-09-23 00:37:49 - INFO - [EXITO] ✅  Analisis de algorítmos de ordenamiento de artículos completado con éxito 🚀
