2025-09-23 00:44:16 - INFO - ℹ️  Iniciando proceso de descarga de artículos...
2025-09-23 00:44:16 - INFO - ℹ️  === INICIANDO DESCARGA ===
2025-09-23 00:44:16 - INFO - ℹ️  Iniciando descarga de artículos desde ACM...
2025-09-23 00:44:16 - INFO - ℹ️  Configurando navegador Firefox...
2025-09-23 00:44:24 - INFO - [EXITO] ✅  ✓ Navegador Firefox configurado
2025-09-23 00:44:31 - INFO - [EXITO] ✅  Todos los artículos seleccionados.
2025-09-23 00:44:31 - INFO - ℹ️  Menú de exportación abierto.
2025-09-23 00:44:32 - INFO - ℹ️  Pestaña 'All Results' activada.
2025-09-23 00:44:33 - INFO - ℹ️  Botón 'Download' presionado.
2025-09-23 00:44:35 - INFO - ℹ️  'exportDownloadNotReady' detectado. Todo va bien.
2025-09-23 00:44:35 - INFO - ℹ️  Esperando a que ACM genere el archivo BibTeX...
2025-09-23 00:44:53 - INFO - [EXITO] ✅  Botón 'Download now!' presionado. Iniciando descarga...
2025-09-23 00:44:53 - INFO - ℹ️  Buscando archivo .bib...
2025-09-23 00:44:55 - INFO - [EXITO] ✅  ✓ Archivo válido: C:\Users\Samuel\VSC_Proyects\uq-biblio-pipeline\src\datos\bib\crudos\acm.bib
2025-09-23 00:44:55 - INFO - [EXITO] ✅  Archivo BibTeX guardado en: C:\Users\Samuel\VSC_Proyects\uq-biblio-pipeline\src\datos\bib\crudos\acm.bib
2025-09-23 00:44:55 - INFO - ℹ️  Proceso finalizado.
2025-09-23 00:44:55 - INFO - [EXITO] ✅  ✓ Descarga ACM completada
2025-09-23 00:44:55 - INFO - ℹ️  Iniciando proceso de deduplicación de BibTeX...
2025-09-23 00:44:55 - INFO - ℹ️  Limpieza de keywords iniciada en: C:\Users\Samuel\VSC_Proyects\uq-biblio-pipeline\src\datos\bib\crudos\acm.bib
2025-09-23 00:44:55 - INFO - [EXITO] ✅  Limpieza de keywords completada: C:\Users\Samuel\VSC_Proyects\uq-biblio-pipeline\src\datos\bib\crudos\acm.bib
2025-09-23 00:44:55 - INFO - ℹ️  Procesando archivo: C:\Users\Samuel\VSC_Proyects\uq-biblio-pipeline\src\datos\bib\crudos\acm.bib
2025-09-23 00:44:58 - WARNING - ⚠️  Entrada corrupta detectada (clave=corrupto_1)
2025-09-23 00:44:58 - WARNING - ⚠️  Entrada corrupta detectada (clave=corrupto_2)
2025-09-23 00:44:58 - WARNING - ⚠️  Entrada corrupta detectada (clave=corrupto_3)
2025-09-23 00:44:58 - WARNING - ⚠️  Entrada corrupta detectada (clave=corrupto_4)
2025-09-23 00:44:58 - WARNING - ⚠️  Entrada corrupta detectada (clave=corrupto_5)
2025-09-23 00:44:58 - WARNING - ⚠️  Entrada corrupta detectada (clave=corrupto_6)
2025-09-23 00:44:58 - WARNING - ⚠️  Entrada corrupta detectada (clave=corrupto_7)
2025-09-23 00:44:58 - WARNING - ⚠️  Entrada corrupta detectada (clave=corrupto_8)
2025-09-23 00:44:58 - WARNING - ⚠️  Entrada corrupta detectada (clave=corrupto_9)
2025-09-23 00:44:58 - WARNING - ⚠️  Entrada corrupta detectada (clave=corrupto_10)
2025-09-23 00:44:58 - WARNING - ⚠️  Entrada corrupta detectada (clave=corrupto_11)
2025-09-23 00:44:58 - WARNING - ⚠️  Entrada corrupta detectada (clave=corrupto_12)
2025-09-23 00:44:58 - WARNING - ⚠️  Entrada corrupta detectada (clave=corrupto_13)
2025-09-23 00:44:58 - WARNING - ⚠️  Entrada corrupta detectada (clave=corrupto_14)
2025-09-23 00:44:58 - WARNING - ⚠️  Entrada corrupta detectada (clave=corrupto_15)
2025-09-23 00:44:58 - INFO - ℹ️  Limpieza de keywords iniciada en: C:\Users\Samuel\VSC_Proyects\uq-biblio-pipeline\src\datos\bib\crudos\ScienceDirect_citations_1758603683195.bib
2025-09-23 00:44:58 - INFO - [EXITO] ✅  Limpieza de keywords completada: C:\Users\Samuel\VSC_Proyects\uq-biblio-pipeline\src\datos\bib\crudos\ScienceDirect_citations_1758603683195.bib
2025-09-23 00:44:58 - INFO - ℹ️  Procesando archivo: C:\Users\Samuel\VSC_Proyects\uq-biblio-pipeline\src\datos\bib\crudos\ScienceDirect_citations_1758603683195.bib
2025-09-23 00:44:58 - INFO - ℹ️  Limpieza de keywords iniciada en: C:\Users\Samuel\VSC_Proyects\uq-biblio-pipeline\src\datos\bib\crudos\ScienceDirect_citations_1758603696605.bib
2025-09-23 00:44:58 - INFO - [EXITO] ✅  Limpieza de keywords completada: C:\Users\Samuel\VSC_Proyects\uq-biblio-pipeline\src\datos\bib\crudos\ScienceDirect_citations_1758603696605.bib
2025-09-23 00:44:58 - INFO - ℹ️  Procesando archivo: C:\Users\Samuel\VSC_Proyects\uq-biblio-pipeline\src\datos\bib\crudos\ScienceDirect_citations_1758603696605.bib
2025-09-23 00:44:58 - INFO - ℹ️  Duplicado detectado para recurso=doi:https://doi.org/10.1016/s0016-5085(25)01677-4
2025-09-23 00:44:58 - INFO - ℹ️  Duplicado detectado para recurso=doi:https://doi.org/10.1016/j.jval.2025.04.1185
2025-09-23 00:44:58 - INFO - ℹ️  Duplicado detectado para recurso=doi:https://doi.org/10.1016/j.compag.2025.109919
2025-09-23 00:44:58 - INFO - ℹ️  Duplicado detectado para recurso=doi:https://doi.org/10.1016/j.lmot.2025.102114
2025-09-23 00:44:58 - INFO - ℹ️  Duplicado detectado para recurso=doi:https://doi.org/10.1016/j.ijom.2025.04.126
2025-09-23 00:44:58 - INFO - ℹ️  Limpieza de keywords iniciada en: C:\Users\Samuel\VSC_Proyects\uq-biblio-pipeline\src\datos\bib\crudos\ScienceDirect_citations_1758603709806.bib
2025-09-23 00:44:58 - INFO - [EXITO] ✅  Limpieza de keywords completada: C:\Users\Samuel\VSC_Proyects\uq-biblio-pipeline\src\datos\bib\crudos\ScienceDirect_citations_1758603709806.bib
2025-09-23 00:44:58 - INFO - ℹ️  Procesando archivo: C:\Users\Samuel\VSC_Proyects\uq-biblio-pipeline\src\datos\bib\crudos\ScienceDirect_citations_1758603709806.bib
2025-09-23 00:44:59 - INFO - ℹ️  Duplicado detectado para recurso=doi:https://doi.org/10.1016/j.ejmp.2024.104690
2025-09-23 00:44:59 - INFO - ℹ️  Limpieza de keywords iniciada en: C:\Users\Samuel\VSC_Proyects\uq-biblio-pipeline\src\datos\bib\crudos\ScienceDirect_citations_1758603723291.bib
2025-09-23 00:44:59 - INFO - [EXITO] ✅  Limpieza de keywords completada: C:\Users\Samuel\VSC_Proyects\uq-biblio-pipeline\src\datos\bib\crudos\ScienceDirect_citations_1758603723291.bib
2025-09-23 00:44:59 - INFO - ℹ️  Procesando archivo: C:\Users\Samuel\VSC_Proyects\uq-biblio-pipeline\src\datos\bib\crudos\ScienceDirect_citations_1758603723291.bib
2025-09-23 00:44:59 - INFO - ℹ️  Duplicado detectado para recurso=doi:https://doi.org/10.1016/s0302-2838(24)00773-5
2025-09-23 00:44:59 - INFO - ℹ️  Duplicado detectado para recurso=doi:https://doi.org/10.1016/j.jpsychores.2025.112113
2025-09-23 00:44:59 - INFO - ℹ️  Limpieza de keywords iniciada en: C:\Users\Samuel\VSC_Proyects\uq-biblio-pipeline\src\datos\bib\crudos\ScienceDirect_citations_1758603736886.bib
2025-09-23 00:44:59 - INFO - [EXITO] ✅  Limpieza de keywords completada: C:\Users\Samuel\VSC_Proyects\uq-biblio-pipeline\src\datos\bib\crudos\ScienceDirect_citations_1758603736886.bib
2025-09-23 00:44:59 - INFO - ℹ️  Procesando archivo: C:\Users\Samuel\VSC_Proyects\uq-biblio-pipeline\src\datos\bib\crudos\ScienceDirect_citations_1758603736886.bib
2025-09-23 00:44:59 - INFO - ℹ️  Limpieza de keywords iniciada en: C:\Users\Samuel\VSC_Proyects\uq-biblio-pipeline\src\datos\bib\crudos\ScienceDirect_citations_1758603750280.bib
2025-09-23 00:44:59 - INFO - [EXITO] ✅  Limpieza de keywords completada: C:\Users\Samuel\VSC_Proyects\uq-biblio-pipeline\src\datos\bib\crudos\ScienceDirect_citations_1758603750280.bib
2025-09-23 00:44:59 - INFO - ℹ️  Procesando archivo: C:\Users\Samuel\VSC_Proyects\uq-biblio-pipeline\src\datos\bib\crudos\ScienceDirect_citations_1758603750280.bib
2025-09-23 00:44:59 - WARNING - ⚠️  Clave duplicada detectada: WANG2025 → renombrada como WANG2025_2
2025-09-23 00:44:59 - INFO - ℹ️  Limpieza de keywords iniciada en: C:\Users\Samuel\VSC_Proyects\uq-biblio-pipeline\src\datos\bib\crudos\ScienceDirect_citations_1758603763606.bib
2025-09-23 00:44:59 - INFO - [EXITO] ✅  Limpieza de keywords completada: C:\Users\Samuel\VSC_Proyects\uq-biblio-pipeline\src\datos\bib\crudos\ScienceDirect_citations_1758603763606.bib
2025-09-23 00:44:59 - INFO - ℹ️  Procesando archivo: C:\Users\Samuel\VSC_Proyects\uq-biblio-pipeline\src\datos\bib\crudos\ScienceDirect_citations_1758603763606.bib
2025-09-23 00:44:59 - INFO - ℹ️  Duplicado detectado para recurso=doi:https://doi.org/10.1016/j.ajp.2025.104499
2025-09-23 00:44:59 - INFO - ℹ️  Limpieza de keywords iniciada en: C:\Users\Samuel\VSC_Proyects\uq-biblio-pipeline\src\datos\bib\crudos\ScienceDirect_citations_1758603776920.bib
2025-09-23 00:44:59 - INFO - [EXITO] ✅  Limpieza de keywords completada: C:\Users\Samuel\VSC_Proyects\uq-biblio-pipeline\src\datos\bib\crudos\ScienceDirect_citations_1758603776920.bib
2025-09-23 00:44:59 - INFO - ℹ️  Procesando archivo: C:\Users\Samuel\VSC_Proyects\uq-biblio-pipeline\src\datos\bib\crudos\ScienceDirect_citations_1758603776920.bib
2025-09-23 00:44:59 - INFO - ℹ️  Limpieza de keywords iniciada en: C:\Users\Samuel\VSC_Proyects\uq-biblio-pipeline\src\datos\bib\crudos\ScienceDirect_citations_1758603790228.bib
2025-09-23 00:44:59 - INFO - [EXITO] ✅  Limpieza de keywords completada: C:\Users\Samuel\VSC_Proyects\uq-biblio-pipeline\src\datos\bib\crudos\ScienceDirect_citations_1758603790228.bib
2025-09-23 00:44:59 - INFO - ℹ️  Procesando archivo: C:\Users\Samuel\VSC_Proyects\uq-biblio-pipeline\src\datos\bib\crudos\ScienceDirect_citations_1758603790228.bib
2025-09-23 00:44:59 - INFO - ℹ️  Duplicado detectado para recurso=doi:https://doi.org/10.1016/j.idnow.2025.105131
2025-09-23 00:44:59 - INFO - ℹ️  Duplicado detectado para recurso=doi:https://doi.org/10.2196/70409
2025-09-23 00:44:59 - INFO - ℹ️  Limpieza de keywords iniciada en: C:\Users\Samuel\VSC_Proyects\uq-biblio-pipeline\src\datos\bib\crudos\ScienceDirect_citations_1758603803531.bib
2025-09-23 00:44:59 - INFO - [EXITO] ✅  Limpieza de keywords completada: C:\Users\Samuel\VSC_Proyects\uq-biblio-pipeline\src\datos\bib\crudos\ScienceDirect_citations_1758603803531.bib
2025-09-23 00:44:59 - INFO - ℹ️  Procesando archivo: C:\Users\Samuel\VSC_Proyects\uq-biblio-pipeline\src\datos\bib\crudos\ScienceDirect_citations_1758603803531.bib
2025-09-23 00:44:59 - INFO - ℹ️  Duplicado detectado para recurso=doi:https://doi.org/10.2196/49647
2025-09-23 00:44:59 - INFO - ℹ️  Limpieza de keywords iniciada en: C:\Users\Samuel\VSC_Proyects\uq-biblio-pipeline\src\datos\bib\crudos\ScienceDirect_citations_1758603817004.bib
2025-09-23 00:44:59 - INFO - [EXITO] ✅  Limpieza de keywords completada: C:\Users\Samuel\VSC_Proyects\uq-biblio-pipeline\src\datos\bib\crudos\ScienceDirect_citations_1758603817004.bib
2025-09-23 00:44:59 - INFO - ℹ️  Procesando archivo: C:\Users\Samuel\VSC_Proyects\uq-biblio-pipeline\src\datos\bib\crudos\ScienceDirect_citations_1758603817004.bib
2025-09-23 00:44:59 - INFO - ℹ️  Duplicado detectado para recurso=doi:https://doi.org/10.1016/j.psychsport.2025.102879
2025-09-23 00:44:59 - INFO - ℹ️  Limpieza de keywords iniciada en: C:\Users\Samuel\VSC_Proyects\uq-biblio-pipeline\src\datos\bib\crudos\ScienceDirect_citations_1758603830406.bib
2025-09-23 00:44:59 - INFO - [EXITO] ✅  Limpieza de keywords completada: C:\Users\Samuel\VSC_Proyects\uq-biblio-pipeline\src\datos\bib\crudos\ScienceDirect_citations_1758603830406.bib
2025-09-23 00:44:59 - INFO - ℹ️  Procesando archivo: C:\Users\Samuel\VSC_Proyects\uq-biblio-pipeline\src\datos\bib\crudos\ScienceDirect_citations_1758603830406.bib
2025-09-23 00:44:59 - INFO - ℹ️  Limpieza de keywords iniciada en: C:\Users\Samuel\VSC_Proyects\uq-biblio-pipeline\src\datos\bib\crudos\ScienceDirect_citations_1758603843552.bib
2025-09-23 00:44:59 - INFO - [EXITO] ✅  Limpieza de keywords completada: C:\Users\Samuel\VSC_Proyects\uq-biblio-pipeline\src\datos\bib\crudos\ScienceDirect_citations_1758603843552.bib
2025-09-23 00:44:59 - INFO - ℹ️  Procesando archivo: C:\Users\Samuel\VSC_Proyects\uq-biblio-pipeline\src\datos\bib\crudos\ScienceDirect_citations_1758603843552.bib
2025-09-23 00:44:59 - WARNING - ⚠️  Clave duplicada detectada: 2026i → renombrada como 2026i_2
2025-09-23 00:44:59 - INFO - ℹ️  Limpieza de keywords iniciada en: C:\Users\Samuel\VSC_Proyects\uq-biblio-pipeline\src\datos\bib\crudos\ScienceDirect_citations_1758603856269.bib
2025-09-23 00:44:59 - INFO - [EXITO] ✅  Limpieza de keywords completada: C:\Users\Samuel\VSC_Proyects\uq-biblio-pipeline\src\datos\bib\crudos\ScienceDirect_citations_1758603856269.bib
2025-09-23 00:44:59 - INFO - ℹ️  Procesando archivo: C:\Users\Samuel\VSC_Proyects\uq-biblio-pipeline\src\datos\bib\crudos\ScienceDirect_citations_1758603856269.bib
2025-09-23 00:44:59 - WARNING - ⚠️  Clave duplicada detectada: 2025i → renombrada como 2025i_2
2025-09-23 00:44:59 - WARNING - ⚠️  Clave duplicada detectada: 2025i → renombrada como 2025i_3
2025-09-23 00:44:59 - WARNING - ⚠️  Clave duplicada detectada: 2025i → renombrada como 2025i_4
2025-09-23 00:44:59 - INFO - ℹ️  Limpieza de keywords iniciada en: C:\Users\Samuel\VSC_Proyects\uq-biblio-pipeline\src\datos\bib\crudos\ScienceDirect_citations_1758603869623.bib
2025-09-23 00:44:59 - INFO - [EXITO] ✅  Limpieza de keywords completada: C:\Users\Samuel\VSC_Proyects\uq-biblio-pipeline\src\datos\bib\crudos\ScienceDirect_citations_1758603869623.bib
2025-09-23 00:44:59 - INFO - ℹ️  Procesando archivo: C:\Users\Samuel\VSC_Proyects\uq-biblio-pipeline\src\datos\bib\crudos\ScienceDirect_citations_1758603869623.bib
2025-09-23 00:44:59 - WARNING - ⚠️  Clave duplicada detectada: SHIH2025 → renombrada como SHIH2025_2
2025-09-23 00:44:59 - INFO - ℹ️  Limpieza de keywords iniciada en: C:\Users\Samuel\VSC_Proyects\uq-biblio-pipeline\src\datos\bib\crudos\ScienceDirect_citations_1758603882961.bib
2025-09-23 00:44:59 - INFO - [EXITO] ✅  Limpieza de keywords completada: C:\Users\Samuel\VSC_Proyects\uq-biblio-pipeline\src\datos\bib\crudos\ScienceDirect_citations_1758603882961.bib
2025-09-23 00:44:59 - INFO - ℹ️  Procesando archivo: C:\Users\Samuel\VSC_Proyects\uq-biblio-pipeline\src\datos\bib\crudos\ScienceDirect_citations_1758603882961.bib
2025-09-23 00:44:59 - WARNING - ⚠️  Clave duplicada detectada: HE2025 → renombrada como HE2025_2
2025-09-23 00:44:59 - WARNING - ⚠️  Clave duplicada detectada: 2025v → renombrada como 2025v_2
2025-09-23 00:44:59 - INFO - ℹ️  Limpieza de keywords iniciada en: C:\Users\Samuel\VSC_Proyects\uq-biblio-pipeline\src\datos\bib\crudos\ScienceDirect_citations_1758603896408.bib
2025-09-23 00:44:59 - INFO - [EXITO] ✅  Limpieza de keywords completada: C:\Users\Samuel\VSC_Proyects\uq-biblio-pipeline\src\datos\bib\crudos\ScienceDirect_citations_1758603896408.bib
2025-09-23 00:44:59 - INFO - ℹ️  Procesando archivo: C:\Users\Samuel\VSC_Proyects\uq-biblio-pipeline\src\datos\bib\crudos\ScienceDirect_citations_1758603896408.bib
2025-09-23 00:44:59 - INFO - ℹ️  Duplicado detectado para recurso=doi:https://doi.org/10.1016/s0140-6736(25)00249-1
2025-09-23 00:44:59 - INFO - ℹ️  Duplicado detectado para recurso=doi:https://doi.org/10.1016/j.arbres.2023.12.003
2025-09-23 00:44:59 - INFO - ℹ️  Duplicado detectado para recurso=doi:https://doi.org/10.1016/s1471-4914(23)00244-7
2025-09-23 00:44:59 - INFO - ℹ️  Duplicado detectado para recurso=doi:https://doi.org/10.1016/j.cnur.2025.01.011
2025-09-23 00:44:59 - INFO - ℹ️  Limpieza de keywords iniciada en: C:\Users\Samuel\VSC_Proyects\uq-biblio-pipeline\src\datos\bib\crudos\ScienceDirect_citations_1758603909789.bib
2025-09-23 00:44:59 - INFO - [EXITO] ✅  Limpieza de keywords completada: C:\Users\Samuel\VSC_Proyects\uq-biblio-pipeline\src\datos\bib\crudos\ScienceDirect_citations_1758603909789.bib
2025-09-23 00:44:59 - INFO - ℹ️  Procesando archivo: C:\Users\Samuel\VSC_Proyects\uq-biblio-pipeline\src\datos\bib\crudos\ScienceDirect_citations_1758603909789.bib
2025-09-23 00:45:00 - INFO - ℹ️  Limpieza de keywords iniciada en: C:\Users\Samuel\VSC_Proyects\uq-biblio-pipeline\src\datos\bib\crudos\ScienceDirect_citations_1758603923287.bib
2025-09-23 00:45:00 - INFO - [EXITO] ✅  Limpieza de keywords completada: C:\Users\Samuel\VSC_Proyects\uq-biblio-pipeline\src\datos\bib\crudos\ScienceDirect_citations_1758603923287.bib
2025-09-23 00:45:00 - INFO - ℹ️  Procesando archivo: C:\Users\Samuel\VSC_Proyects\uq-biblio-pipeline\src\datos\bib\crudos\ScienceDirect_citations_1758603923287.bib
2025-09-23 00:45:00 - INFO - ℹ️  Duplicado detectado para recurso=doi:https://doi.org/10.2196/67363
2025-09-23 00:45:00 - INFO - ℹ️  Duplicado detectado para recurso=doi:https://doi.org/10.1016/j.procs.2024.11.057
2025-09-23 00:45:00 - INFO - ℹ️  Duplicado detectado para recurso=doi:https://doi.org/10.1016/s1546-1440(25)00039-0
2025-09-23 00:45:00 - INFO - ℹ️  Duplicado detectado para recurso=doi:https://doi.org/10.1016/j.ijnurstu.2024.104771
2025-09-23 00:45:00 - INFO - ℹ️  Duplicado detectado para recurso=doi:https://doi.org/10.1053/j.gastro.2023.12.019
2025-09-23 00:45:00 - INFO - ℹ️  Limpieza de keywords iniciada en: C:\Users\Samuel\VSC_Proyects\uq-biblio-pipeline\src\datos\bib\crudos\ScienceDirect_citations_1758603936479.bib
2025-09-23 00:45:00 - INFO - [EXITO] ✅  Limpieza de keywords completada: C:\Users\Samuel\VSC_Proyects\uq-biblio-pipeline\src\datos\bib\crudos\ScienceDirect_citations_1758603936479.bib
2025-09-23 00:45:00 - INFO - ℹ️  Procesando archivo: C:\Users\Samuel\VSC_Proyects\uq-biblio-pipeline\src\datos\bib\crudos\ScienceDirect_citations_1758603936479.bib
2025-09-23 00:45:00 - WARNING - ⚠️  Clave duplicada detectada: LI2024 → renombrada como LI2024_2
2025-09-23 00:45:00 - WARNING - ⚠️  Clave duplicada detectada: 2024A3 → renombrada como 2024A3_2
2025-09-23 00:45:00 - WARNING - ⚠️  Clave duplicada detectada: DUBINSKY2025S-856 → renombrada como DUBINSKY2025S-856_2
2025-09-23 00:45:00 - INFO - ℹ️  Duplicado detectado para recurso=doi:https://doi.org/10.1016/j.bsheal.2025.09.004
2025-09-23 00:45:00 - INFO - ℹ️  Duplicado detectado para recurso=doi:https://doi.org/10.1016/j.xinn.2023.100516
2025-09-23 00:45:00 - INFO - ℹ️  Duplicado detectado para recurso=doi:https://doi.org/10.2196/66804
2025-09-23 00:45:00 - INFO - ℹ️  Duplicado detectado para recurso=doi:https://doi.org/10.1016/j.jdin.2023.10.001
2025-09-23 00:45:00 - INFO - ℹ️  Duplicado detectado para recurso=doi:https://doi.org/10.1016/j.otsr.2025.104313
2025-09-23 00:45:00 - INFO - ℹ️  Limpieza de keywords iniciada en: C:\Users\Samuel\VSC_Proyects\uq-biblio-pipeline\src\datos\bib\crudos\ScienceDirect_citations_1758603950032.bib
2025-09-23 00:45:00 - INFO - [EXITO] ✅  Limpieza de keywords completada: C:\Users\Samuel\VSC_Proyects\uq-biblio-pipeline\src\datos\bib\crudos\ScienceDirect_citations_1758603950032.bib
2025-09-23 00:45:00 - INFO - ℹ️  Procesando archivo: C:\Users\Samuel\VSC_Proyects\uq-biblio-pipeline\src\datos\bib\crudos\ScienceDirect_citations_1758603950032.bib
2025-09-23 00:45:00 - INFO - ℹ️  Limpieza de keywords iniciada en: C:\Users\Samuel\VSC_Proyects\uq-biblio-pipeline\src\datos\bib\crudos\ScienceDirect_citations_1758603963825.bib
2025-09-23 00:45:00 - INFO - [EXITO] ✅  Limpieza de keywords completada: C:\Users\Samuel\VSC_Proyects\uq-biblio-pipeline\src\datos\bib\crudos\ScienceDirect_citations_1758603963825.bib
2025-09-23 00:45:00 - INFO - ℹ️  Procesando archivo: C:\Users\Samuel\VSC_Proyects\uq-biblio-pipeline\src\datos\bib\crudos\ScienceDirect_citations_1758603963825.bib
2025-09-23 00:45:00 - INFO - ℹ️  Limpieza de keywords iniciada en: C:\Users\Samuel\VSC_Proyects\uq-biblio-pipeline\src\datos\bib\crudos\ScienceDirect_citations_1758603976554.bib
2025-09-23 00:45:00 - INFO - [EXITO] ✅  Limpieza de keywords completada: C:\Users\Samuel\VSC_Proyects\uq-biblio-pipeline\src\datos\bib\crudos\ScienceDirect_citations_1758603976554.bib
2025-09-23 00:45:00 - INFO - ℹ️  Procesando archivo: C:\Users\Samuel\VSC_Proyects\uq-biblio-pipeline\src\datos\bib\crudos\ScienceDirect_citations_1758603976554.bib
2025-09-23 00:45:00 - INFO - ℹ️  Duplicado detectado para recurso=doi:https://doi.org/10.1016/j.cjac.2025.100620
2025-09-23 00:45:00 - INFO - ℹ️  Duplicado detectado para recurso=doi:https://doi.org/10.1016/j.arthro.2024.09.020
2025-09-23 00:45:00 - INFO - ℹ️  Duplicado detectado para recurso=doi:https://doi.org/10.1016/j.inffus.2025.103121
2025-09-23 00:45:00 - INFO - ℹ️  Duplicado detectado para recurso=doi:https://doi.org/10.1016/j.tem.2025.08.004
2025-09-23 00:45:00 - INFO - ℹ️  Duplicado detectado para recurso=doi:https://doi.org/10.2196/69955
2025-09-23 00:45:00 - INFO - ℹ️  Duplicado detectado para recurso=doi:https://doi.org/10.2196/66478
2025-09-23 00:45:00 - INFO - ℹ️  Duplicado detectado para recurso=doi:https://doi.org/10.2196/65210
2025-09-23 00:45:00 - INFO - ℹ️  Duplicado detectado para recurso=doi:https://doi.org/10.1530/eor-24-0029
2025-09-23 00:45:00 - INFO - ℹ️  Limpieza de keywords iniciada en: C:\Users\Samuel\VSC_Proyects\uq-biblio-pipeline\src\datos\bib\crudos\ScienceDirect_citations_1758603990238.bib
2025-09-23 00:45:00 - INFO - [EXITO] ✅  Limpieza de keywords completada: C:\Users\Samuel\VSC_Proyects\uq-biblio-pipeline\src\datos\bib\crudos\ScienceDirect_citations_1758603990238.bib
2025-09-23 00:45:00 - INFO - ℹ️  Procesando archivo: C:\Users\Samuel\VSC_Proyects\uq-biblio-pipeline\src\datos\bib\crudos\ScienceDirect_citations_1758603990238.bib
2025-09-23 00:45:00 - WARNING - ⚠️  Clave duplicada detectada: 2023A3 → renombrada como 2023A3_2
2025-09-23 00:45:00 - INFO - ℹ️  Limpieza de keywords iniciada en: C:\Users\Samuel\VSC_Proyects\uq-biblio-pipeline\src\datos\bib\crudos\ScienceDirect_citations_1758604003657.bib
2025-09-23 00:45:00 - INFO - [EXITO] ✅  Limpieza de keywords completada: C:\Users\Samuel\VSC_Proyects\uq-biblio-pipeline\src\datos\bib\crudos\ScienceDirect_citations_1758604003657.bib
2025-09-23 00:45:00 - INFO - ℹ️  Procesando archivo: C:\Users\Samuel\VSC_Proyects\uq-biblio-pipeline\src\datos\bib\crudos\ScienceDirect_citations_1758604003657.bib
2025-09-23 00:45:00 - INFO - ℹ️  Duplicado detectado para recurso=doi:https://doi.org/10.1016/j.otsr.2024.103830
2025-09-23 00:45:00 - INFO - ℹ️  Duplicado detectado para recurso=doi:https://doi.org/10.1016/j.techfore.2024.123843
2025-09-23 00:45:00 - INFO - ℹ️  Duplicado detectado para recurso=doi:https://doi.org/10.1016/j.ahj.2025.06.019
2025-09-23 00:45:00 - INFO - ℹ️  Duplicado detectado para recurso=doi:https://doi.org/10.1016/j.otsr.2024.104012
2025-09-23 00:45:00 - INFO - ℹ️  Duplicado detectado para recurso=doi:https://doi.org/10.1016/j.caeai.2025.100473
2025-09-23 00:45:10 - INFO - [EXITO] ✅  Archivo consolidado generado: C:\Users\Samuel\VSC_Proyects\uq-biblio-pipeline\src\datos\bib\consolidado.bib (3445 entradas)
2025-09-23 00:45:10 - WARNING - ⚠️  Archivo de corruptos generado: C:\Users\Samuel\VSC_Proyects\uq-biblio-pipeline\src\datos\bib\corruptos.bib (15 entradas)
2025-09-23 00:45:10 - INFO - ℹ️  Archivo de duplicados generado: C:\Users\Samuel\VSC_Proyects\uq-biblio-pipeline\src\datos\bib\duplicados.bib (40 entradas)
2025-09-23 00:45:10 - INFO - [EXITO] ✅  Proceso de deduplicación finalizado correctamente.
2025-09-23 00:45:10 - INFO - [EXITO] ✅  Pipeline completado con éxito 🚀
2025-09-23 00:45:10 - INFO - ℹ️  Iniciando análisis de algoritmos de ordenamiento de artículos...
2025-09-23 00:45:10 - INFO - ℹ️  Cargando archivo BibTeX: C:\Users\Samuel\VSC_Proyects\uq-biblio-pipeline\src\datos\bib\consolidado.bib
2025-09-23 00:45:12 - INFO - [EXITO] ✅  Se cargaron 3445 productos académicos para el análisis.
2025-09-23 00:45:12 - INFO - ℹ️  Iniciando ejecución de TimSort con 3445 elementos...
2025-09-23 00:45:12 - INFO - [EXITO] ✅  TimSort completado en 0.003187 segundos.
2025-09-23 00:45:12 - INFO - ℹ️  Iniciando ejecución de Comb Sort con 3445 elementos...
2025-09-23 00:45:12 - INFO - [EXITO] ✅  Comb Sort completado en 0.125769 segundos.
2025-09-23 00:45:12 - INFO - ℹ️  Iniciando ejecución de Selection Sort con 3445 elementos...
2025-09-23 00:45:16 - INFO - [EXITO] ✅  Selection Sort completado en 4.229585 segundos.
2025-09-23 00:45:16 - INFO - ℹ️  Iniciando ejecución de Tree Sort con 3445 elementos...
2025-09-23 00:45:16 - INFO - [EXITO] ✅  Tree Sort completado en 0.043508 segundos.
2025-09-23 00:45:16 - INFO - ℹ️  Iniciando ejecución de Pigeonhole Sort con 3445 elementos...
2025-09-23 00:45:16 - WARNING - ⚠️  Pigeonhole Sort usará clave numérica (hash) para el ordenamiento.
2025-09-23 00:45:16 - INFO - [EXITO] ✅  Pigeonhole Sort completado en 0.005180 segundos.
2025-09-23 00:45:16 - INFO - ℹ️  Iniciando ejecución de BucketSort con 3445 elementos...
2025-09-23 00:45:16 - WARNING - ⚠️  BucketSort usará clave numérica (hash) para el ordenamiento.
2025-09-23 00:45:16 - INFO - [EXITO] ✅  BucketSort completado en 0.009565 segundos.
2025-09-23 00:45:16 - INFO - ℹ️  Iniciando ejecución de QuickSort con 3445 elementos...
2025-09-23 00:45:17 - INFO - [EXITO] ✅  QuickSort completado en 0.065785 segundos.
2025-09-23 00:45:17 - INFO - ℹ️  Iniciando ejecución de HeapSort con 3445 elementos...
2025-09-23 00:45:17 - INFO - [EXITO] ✅  HeapSort completado en 0.066031 segundos.
2025-09-23 00:45:17 - INFO - ℹ️  Iniciando ejecución de Bitonic Sort con 3445 elementos...
2025-09-23 00:45:17 - WARNING - ⚠️  Bitonic Sort usará clave numérica (hash) para el ordenamiento.
2025-09-23 00:45:17 - INFO - [EXITO] ✅  Bitonic Sort completado en 0.110855 segundos.
2025-09-23 00:45:17 - INFO - ℹ️  Iniciando ejecución de Gnome Sort con 3445 elementos...
2025-09-23 00:45:22 - INFO - [EXITO] ✅  Gnome Sort completado en 4.954354 segundos.
2025-09-23 00:45:22 - INFO - ℹ️  Iniciando ejecución de Binary Insertion Sort con 3445 elementos...
2025-09-23 00:45:22 - INFO - [EXITO] ✅  Binary Insertion Sort completado en 0.123135 segundos.
2025-09-23 00:45:22 - INFO - ℹ️  Iniciando ejecución de RadixSort con 3445 elementos...
2025-09-23 00:45:22 - WARNING - ⚠️  RadixSort usará clave numérica (hash) para el ordenamiento.
2025-09-23 00:45:22 - INFO - [EXITO] ✅  RadixSort completado en 0.102546 segundos.
2025-09-23 00:45:22 - INFO - [EXITO] ✅  Resultados exportados a CSV: src/datos/sorters_analisis/algoritmos.csv
2025-09-23 00:45:23 - INFO - [EXITO] ✅  Diagrama de barras generado: src/datos/sorters_analisis/algoritmos.png
2025-09-23 00:45:23 - INFO - [EXITO] ✅  Análisis de algoritmos de ordenamiento finalizado.
2025-09-23 00:45:23 - INFO - [EXITO] ✅  Analisis de algorítmos de ordenamiento de artículos completado con éxito 🚀
